2025-10-07 18:33:33.130 [info] [main] Log level: Info
2025-10-07 18:33:33.130 [info] [main] Validating found git in: "git"
2025-10-07 18:33:33.130 [info] [main] Using git "2.51.0" from "git"
2025-10-07 18:33:33.130 [info] [Model][doInitialScan] Initial repository scan started
2025-10-07 18:33:33.130 [info] > git rev-parse --show-toplevel [22ms]
2025-10-07 18:33:33.130 [info] fatal: not a git repository (or any of the parent directories): .git
2025-10-07 18:33:33.130 [info] > git rev-parse --show-toplevel [7ms]
2025-10-07 18:33:33.130 [info] fatal: not a git repository (or any of the parent directories): .git
2025-10-07 18:33:33.130 [info] > git rev-parse --show-toplevel [3ms]
2025-10-07 18:33:33.130 [info] fatal: not a git repository (or any of the parent directories): .git
2025-10-07 18:33:33.130 [info] > git rev-parse --show-toplevel [2ms]
2025-10-07 18:33:33.130 [info] fatal: not a git repository (or any of the parent directories): .git
2025-10-07 18:33:33.130 [info] [Model][doInitialScan] Initial repository scan completed - repositories (0), closed repositories (0), parent repositories (0), unsafe repositories (0)
2025-10-07 18:33:34.289 [info] > git rev-parse --show-toplevel [3ms]
2025-10-07 18:33:34.289 [info] fatal: not a git repository (or any of the parent directories): .git
2025-10-07 18:33:34.548 [info] > git rev-parse --show-toplevel [3ms]
2025-10-07 18:33:34.548 [info] fatal: not a git repository (or any of the parent directories): .git
2025-10-07 18:34:59.600 [info] [main] Log level: Info
2025-10-07 18:34:59.600 [info] [main] Validating found git in: "git"
2025-10-07 18:34:59.600 [info] [main] Using git "2.51.0" from "git"
2025-10-07 18:34:59.600 [info] [Model][doInitialScan] Initial repository scan started
2025-10-07 18:34:59.600 [info] > git rev-parse --show-toplevel [19ms]
2025-10-07 18:34:59.600 [info] fatal: not a git repository (or any of the parent directories): .git
2025-10-07 18:34:59.610 [info] > git rev-parse --show-toplevel [59ms]
2025-10-07 18:34:59.610 [info] fatal: not a git repository (or any of the parent directories): .git
2025-10-07 18:34:59.610 [info] [Model][doInitialScan] Initial repository scan completed - repositories (0), closed repositories (0), parent repositories (0), unsafe repositories (0)
2025-10-07 18:34:59.833 [info] > git rev-parse --show-toplevel [5ms]
2025-10-07 18:34:59.833 [info] fatal: not a git repository (or any of the parent directories): .git
2025-10-07 18:38:02.871 [info] [main] Log level: Info
2025-10-07 18:38:02.871 [info] [main] Validating found git in: "git"
2025-10-07 18:38:02.871 [info] [main] Using git "2.51.0" from "git"
2025-10-07 18:38:02.871 [info] [Model][doInitialScan] Initial repository scan started
2025-10-07 18:38:02.871 [info] > git rev-parse --show-toplevel [13ms]
2025-10-07 18:38:02.871 [info] fatal: not a git repository (or any of the parent directories): .git
2025-10-07 18:38:02.871 [info] [Model][doInitialScan] Initial repository scan completed - repositories (0), closed repositories (0), parent repositories (0), unsafe repositories (0)
2025-10-07 18:38:03.956 [info] > git rev-parse --show-toplevel [29ms]
2025-10-07 18:38:03.956 [info] fatal: not a git repository (or any of the parent directories): .git
2025-10-07 18:38:30.715 [info] > git rev-parse --show-toplevel [2ms]
2025-10-07 18:38:30.715 [info] fatal: not a git repository (or any of the parent directories): .git
2025-10-07 18:38:54.458 [info] > git rev-parse --show-toplevel [4ms]
2025-10-07 18:38:54.458 [info] fatal: not a git repository (or any of the parent directories): .git
2025-10-07 18:52:04.854 [info] > git rev-parse --show-toplevel [4ms]
2025-10-07 18:52:04.854 [info] fatal: not a git repository (or any of the parent directories): .git
2025-10-07 18:52:13.567 [info] > git rev-parse --show-toplevel [5ms]
2025-10-07 18:52:13.567 [info] fatal: not a git repository (or any of the parent directories): .git
2025-10-07 18:52:15.134 [info] > git rev-parse --show-toplevel [6ms]
2025-10-07 18:52:15.134 [info] fatal: not a git repository (or any of the parent directories): .git
2025-10-07 18:53:06.037 [info] > git rev-parse --show-toplevel [4ms]
2025-10-07 18:53:06.037 [info] fatal: not a git repository (or any of the parent directories): .git
2025-10-07 18:53:07.575 [info] > git rev-parse --show-toplevel [4ms]
2025-10-07 18:53:07.575 [info] fatal: not a git repository (or any of the parent directories): .git
2025-10-07 18:53:30.098 [info] > git rev-parse --show-toplevel [3ms]
2025-10-07 18:53:30.098 [info] fatal: not a git repository (or any of the parent directories): .git
2025-10-07 18:53:35.475 [info] > git rev-parse --show-toplevel [3ms]
2025-10-07 18:53:35.475 [info] fatal: not a git repository (or any of the parent directories): .git
2025-10-07 18:53:36.046 [info] > git rev-parse --show-toplevel [5ms]
2025-10-07 18:53:36.046 [info] fatal: not a git repository (or any of the parent directories): .git
2025-10-07 18:53:41.943 [info] > git rev-parse --show-toplevel [4ms]
2025-10-07 18:53:41.943 [info] fatal: not a git repository (or any of the parent directories): .git
2025-10-07 18:54:02.899 [info] > git rev-parse --show-toplevel [4ms]
2025-10-07 18:54:02.899 [info] fatal: not a git repository (or any of the parent directories): .git
2025-10-07 19:10:52.339 [info] > git rev-parse --show-toplevel [3ms]
2025-10-07 19:10:52.339 [info] fatal: not a git repository (or any of the parent directories): .git
2025-10-07 19:10:54.959 [info] > git rev-parse --show-toplevel [4ms]
2025-10-07 19:10:54.959 [info] fatal: not a git repository (or any of the parent directories): .git
2025-10-07 19:16:02.905 [info] > git rev-parse --show-toplevel [2ms]
2025-10-07 19:16:02.905 [info] fatal: not a git repository (or any of the parent directories): .git
2025-10-07 19:16:03.716 [info] > git rev-parse --show-toplevel [2ms]
2025-10-07 19:16:03.716 [info] fatal: not a git repository (or any of the parent directories): .git
2025-10-07 19:35:45.249 [info] > git rev-parse --show-toplevel [4ms]
2025-10-07 19:35:45.249 [info] fatal: not a git repository (or any of the parent directories): .git
2025-10-07 19:35:47.048 [info] > git rev-parse --show-toplevel [4ms]
2025-10-07 19:35:47.048 [info] fatal: not a git repository (or any of the parent directories): .git
2025-10-07 19:38:33.856 [info] [main] Log level: Info
2025-10-07 19:38:33.856 [info] [main] Validating found git in: "git"
2025-10-07 19:38:33.856 [info] [main] Using git "2.51.0" from "git"
2025-10-07 19:38:33.856 [info] [Model][doInitialScan] Initial repository scan started
2025-10-07 19:38:33.856 [info] > git rev-parse --show-toplevel [33ms]
2025-10-07 19:38:33.856 [info] fatal: not a git repository (or any of the parent directories): .git
2025-10-07 19:38:33.856 [info] [Model][doInitialScan] Initial repository scan completed - repositories (0), closed repositories (0), parent repositories (0), unsafe repositories (0)
2025-10-07 19:38:34.199 [info] > git rev-parse --show-toplevel [4ms]
2025-10-07 19:38:34.199 [info] fatal: not a git repository (or any of the parent directories): .git
2025-10-07 19:38:40.023 [info] > git rev-parse --show-toplevel [2ms]
2025-10-07 19:38:40.023 [info] fatal: not a git repository (or any of the parent directories): .git
2025-10-07 19:38:40.794 [info] > git rev-parse --show-toplevel [2ms]
2025-10-07 19:38:40.794 [info] fatal: not a git repository (or any of the parent directories): .git
2025-10-07 19:38:46.568 [info] > git rev-parse --show-toplevel [4ms]
2025-10-07 19:38:46.568 [info] fatal: not a git repository (or any of the parent directories): .git
2025-10-07 19:38:49.785 [info] > git rev-parse --show-toplevel [4ms]
2025-10-07 19:38:49.785 [info] fatal: not a git repository (or any of the parent directories): .git
2025-10-07 19:38:50.578 [info] > git rev-parse --show-toplevel [3ms]
2025-10-07 19:38:50.578 [info] fatal: not a git repository (or any of the parent directories): .git
