2025-10-08 07:53:24.498 [info] Extension host with pid 2151 started
2025-10-08 07:53:24.498 [info] Skipping acquiring lock for /home/mution/.config/Code - OSS/User/workspaceStorage/74f20b5cf61fc6443644f6d0c92fc9f1.
2025-10-08 07:53:24.887 [info] ExtensionService#_doActivateExtension vscode.emmet, startup: false, activationEvent: 'onLanguage'
2025-10-08 07:53:24.954 [info] ExtensionService#_doActivateExtension vadimcn.vscode-lldb, startup: false, activationEvent: 'onLanguage:cpp', root cause: franneck94.c-cpp-runner
2025-10-08 07:53:24.992 [info] ExtensionService#_doActivateExtension KylinIdeTeam.cppdebug, startup: false, activationEvent: 'onLanguage:cpp'
2025-10-08 07:53:25.022 [info] ExtensionService#_doActivateExtension KylinIdeTeam.kylin-clangd, startup: false, activationEvent: 'onLanguage:cpp'
2025-10-08 07:53:25.654 [info] ExtensionService#_doActivateExtension franneck94.c-cpp-runner, startup: false, activationEvent: 'onLanguage:cpp'
2025-10-08 07:53:25.666 [info] ExtensionService#_doActivateExtension KylinIdeTeam.kylin-cmake-tools, startup: false, activationEvent: 'api', root cause: KylinIdeTeam.kylin-clangd
2025-10-08 07:53:26.012 [info] ExtensionService#_doActivateExtension vscode.git-base, startup: true, activationEvent: '*', root cause: vscode.git
2025-10-08 07:53:26.057 [info] ExtensionService#_doActivateExtension vscode.terminal-suggest, startup: false, activationEvent: 'onTerminalShellIntegration:*'
2025-10-08 07:53:26.246 [info] ExtensionService#_doActivateExtension vscode.git, startup: true, activationEvent: '*'
2025-10-08 07:53:26.377 [info] ExtensionService#_doActivateExtension vscode.github, startup: true, activationEvent: '*'
2025-10-08 07:53:26.599 [info] Eager extensions activated
2025-10-08 07:53:26.664 [info] ExtensionService#_doActivateExtension vscode.debug-auto-launch, startup: false, activationEvent: 'onStartupFinished'
2025-10-08 07:53:26.670 [info] ExtensionService#_doActivateExtension vscode.merge-conflict, startup: false, activationEvent: 'onStartupFinished'
2025-10-08 07:53:26.718 [info] ExtensionService#_doActivateExtension formulahendry.code-runner, startup: false, activationEvent: 'onStartupFinished'
2025-10-08 07:53:28.100 [error] [KylinIdeTeam.kylin-clangd] provider FAILED
2025-10-08 07:53:28.100 [error] {"a":true,"b":null}
2025-10-08 07:53:28.100 [error] [KylinIdeTeam.kylin-clangd] provider FAILED
2025-10-08 07:53:28.100 [error] {"a":true,"b":null}
2025-10-08 07:53:28.100 [error] [KylinIdeTeam.kylin-clangd] provider FAILED
2025-10-08 07:53:28.100 [error] {"a":true,"b":null}
2025-10-08 07:53:28.100 [error] [KylinIdeTeam.kylin-clangd] provider FAILED
2025-10-08 07:53:28.100 [error] {"a":true,"b":null}
2025-10-08 07:57:47.424 [error] [KylinIdeTeam.kylin-clangd] provider FAILED
2025-10-08 07:57:47.424 [error] {"a":true,"b":null}
2025-10-08 07:58:32.680 [error] [KylinIdeTeam.kylin-clangd] provider FAILED
2025-10-08 07:58:32.680 [error] {"a":true,"b":null}
2025-10-08 07:59:11.843 [error] [KylinIdeTeam.kylin-clangd] provider FAILED
2025-10-08 07:59:11.844 [error] {"a":true,"b":null}
2025-10-08 07:59:35.070 [error] [KylinIdeTeam.kylin-clangd] provider FAILED
2025-10-08 07:59:35.070 [error] {"a":true,"b":null}
2025-10-08 07:59:39.819 [error] [KylinIdeTeam.kylin-clangd] provider FAILED
2025-10-08 07:59:39.819 [error] {"a":true,"b":null}
2025-10-08 07:59:58.139 [error] [KylinIdeTeam.kylin-clangd] provider FAILED
2025-10-08 07:59:58.139 [error] {"a":true,"b":null}
2025-10-08 07:59:59.537 [error] [KylinIdeTeam.kylin-clangd] provider FAILED
2025-10-08 07:59:59.537 [error] {"a":true,"b":null}
2025-10-08 08:00:43.802 [error] [KylinIdeTeam.kylin-clangd] provider FAILED
2025-10-08 08:00:43.802 [error] {"a":true,"b":null}
2025-10-08 08:00:55.949 [error] [KylinIdeTeam.kylin-clangd] provider FAILED
2025-10-08 08:00:55.949 [error] {"a":true,"b":null}
2025-10-08 08:00:59.054 [error] [KylinIdeTeam.kylin-clangd] provider FAILED
2025-10-08 08:00:59.054 [error] {"a":true,"b":null}
