2025-07-04T04:00:04.745Z - info: [ui] [AppStore] loading 0 repositories from store
2025-07-04T04:00:04.885Z - info: [ui] [Welcome] no sign in step found. ignoring...
2025-07-04T04:00:04.971Z - info: [ui] [Welcome] no sign in step found. ignoring...
2025-07-04T04:00:04.993Z - info: [ui] launching: 3.4.14-linux1 (Linux 6.15.4-arch2-1)
2025-07-04T04:00:04.998Z - info: [ui] execPath: '/opt/github-desktop/github-desktop'
2025-07-04T04:00:05.116Z - info: [ui] [Welcome] no sign in step found. ignoring...
2025-07-04T04:00:05.242Z - info: [ui] [Welcome] no sign in step found. ignoring...
2025-07-04T04:00:05.296Z - info: [ui] [Welcome] no sign in step found. ignoring...
2025-07-04T04:00:09.071Z - info: [ui] [Welcome] no sign in step found. ignoring...
2025-07-04T04:00:09.509Z - info: [ui] [Welcome] no sign in step found. ignoring...
2025-07-04T04:00:13.972Z - info: [ui] [Welcome] no sign in step found. ignoring...
2025-07-04T04:00:13.994Z - info: [ui] [Welcome] no sign in step found. ignoring...
2025-07-04T04:00:14.459Z - info: [ui] [Welcome] no sign in step found. ignoring...
2025-07-04T04:00:15.558Z - info: [ui] [Welcome] no sign in step found. ignoring...
2025-07-04T04:00:16.048Z - info: [ui] [Welcome] no sign in step found. ignoring...
2025-07-04T04:00:16.650Z - info: [ui] [Welcome] no sign in step found. ignoring...
2025-07-04T04:00:16.689Z - info: [ui] [Welcome] no sign in step found. ignoring...
2025-07-04T04:00:16.734Z - info: [ui] [Welcome] no sign in step found. ignoring...
2025-07-04T04:00:16.793Z - info: [ui] [Welcome] no sign in step found. ignoring...
2025-07-04T04:00:16.817Z - info: [ui] [Welcome] no sign in step found. ignoring...
2025-07-04T04:00:16.906Z - info: [ui] [Welcome] no sign in step found. ignoring...
2025-07-04T04:00:16.922Z - info: [ui] [Welcome] no sign in step found. ignoring...
2025-07-04T04:00:16.951Z - info: [ui] [Welcome] no sign in step found. ignoring...
2025-07-04T04:00:17.005Z - info: [ui] [Welcome] no sign in step found. ignoring...
2025-07-04T04:00:17.039Z - info: [ui] [Welcome] no sign in step found. ignoring...
2025-07-04T04:00:17.071Z - info: [ui] [Welcome] no sign in step found. ignoring...
2025-07-04T04:00:17.124Z - info: [ui] [Welcome] no sign in step found. ignoring...
2025-07-04T04:00:17.145Z - info: [ui] [Welcome] no sign in step found. ignoring...
2025-07-04T04:00:17.189Z - info: [ui] [Welcome] no sign in step found. ignoring...
2025-07-04T04:00:17.226Z - info: [ui] [Welcome] no sign in step found. ignoring...
2025-07-04T04:00:19.056Z - info: [ui] [Welcome] advancing to step: SignInToDotComWithBrowser
2025-07-04T04:00:19.057Z - info: [ui] [SignInStore] initializing OAuth flow
2025-07-04T04:00:19.066Z - info: [main] opening in browser: https://github.com/login/oauth/authorize?client_id=3a723b10ac5575cc5bb9&scope=repo%20user%20workflow&state=7ae84063-1df5-424a-9605-e2f14c6939dc
2025-07-04T04:00:19.068Z - info: [ui] [Welcome] current sign in state not found. ignoring...
2025-07-04T04:01:34.175Z - info: [ui] [Welcome] kind Authentication is the same as Authentication. ignoring...
2025-07-04T04:01:34.972Z - info: [ui] [Welcome] kind Authentication is the same as Authentication. ignoring...
2025-07-04T04:01:35.571Z - info: [ui] [Welcome] kind Authentication is the same as Authentication. ignoring...
2025-07-04T04:01:35.621Z - info: [ui] [Welcome] kind Authentication is the same as Authentication. ignoring...
2025-07-04T04:01:35.672Z - info: [ui] [Welcome] kind Authentication is the same as Authentication. ignoring...
2025-07-04T04:01:35.696Z - info: [ui] [Welcome] kind Authentication is the same as Authentication. ignoring...
2025-07-04T04:01:35.754Z - info: [ui] [Welcome] kind Authentication is the same as Authentication. ignoring...
2025-07-04T04:01:35.790Z - info: [ui] [Welcome] kind Authentication is the same as Authentication. ignoring...
2025-07-04T04:01:35.851Z - info: [ui] [Welcome] kind Authentication is the same as Authentication. ignoring...
2025-07-04T04:01:35.873Z - info: [ui] [Welcome] kind Authentication is the same as Authentication. ignoring...
2025-07-04T04:01:35.919Z - info: [ui] [Welcome] kind Authentication is the same as Authentication. ignoring...
2025-07-04T04:01:35.979Z - info: [ui] [Welcome] kind Authentication is the same as Authentication. ignoring...
2025-07-04T04:01:36.018Z - info: [ui] [Welcome] kind Authentication is the same as Authentication. ignoring...
2025-07-04T04:01:36.044Z - info: [ui] [Welcome] kind Authentication is the same as Authentication. ignoring...
2025-07-04T04:01:36.095Z - info: [ui] [Welcome] kind Authentication is the same as Authentication. ignoring...
2025-07-04T04:01:36.143Z - info: [ui] [Welcome] kind Authentication is the same as Authentication. ignoring...
2025-07-04T04:01:36.177Z - info: [ui] [Welcome] kind Authentication is the same as Authentication. ignoring...
2025-07-04T04:01:36.225Z - info: [ui] [Welcome] kind Authentication is the same as Authentication. ignoring...
2025-07-04T04:01:36.263Z - info: [ui] [Welcome] kind Authentication is the same as Authentication. ignoring...
2025-07-04T04:01:36.302Z - info: [ui] [Welcome] kind Authentication is the same as Authentication. ignoring...
2025-07-04T04:01:36.356Z - info: [ui] [Welcome] kind Authentication is the same as Authentication. ignoring...
2025-07-04T04:01:36.386Z - info: [ui] [Welcome] kind Authentication is the same as Authentication. ignoring...
2025-07-04T04:01:36.448Z - info: [ui] [Welcome] kind Authentication is the same as Authentication. ignoring...
2025-07-04T04:01:36.494Z - info: [ui] [Welcome] kind Authentication is the same as Authentication. ignoring...
2025-07-04T04:01:36.570Z - info: [ui] [Welcome] kind Authentication is the same as Authentication. ignoring...
2025-07-04T04:01:36.610Z - info: [ui] [Welcome] kind Authentication is the same as Authentication. ignoring...
2025-07-04T04:01:36.654Z - info: [ui] [Welcome] kind Authentication is the same as Authentication. ignoring...
2025-07-04T04:01:36.712Z - info: [ui] [Welcome] kind Authentication is the same as Authentication. ignoring...
2025-07-04T04:01:36.769Z - info: [ui] [Welcome] kind Authentication is the same as Authentication. ignoring...
2025-07-04T04:01:36.789Z - info: [ui] [Welcome] kind Authentication is the same as Authentication. ignoring...
2025-07-04T04:01:36.840Z - info: [ui] [Welcome] kind Authentication is the same as Authentication. ignoring...
2025-07-04T04:01:39.913Z - info: [ui] [Welcome] kind Authentication is the same as Authentication. ignoring...
2025-07-04T04:01:40.157Z - info: [ui] [Welcome] kind Authentication is the same as Authentication. ignoring...
2025-07-04T04:01:40.757Z - info: [ui] [Welcome] kind Authentication is the same as Authentication. ignoring...
2025-07-04T04:01:40.796Z - info: [ui] [Welcome] kind Authentication is the same as Authentication. ignoring...
2025-07-04T04:01:40.843Z - info: [ui] [Welcome] kind Authentication is the same as Authentication. ignoring...
2025-07-04T04:01:40.879Z - info: [ui] [Welcome] kind Authentication is the same as Authentication. ignoring...
2025-07-04T04:01:40.931Z - info: [ui] [Welcome] kind Authentication is the same as Authentication. ignoring...
2025-07-04T04:01:40.964Z - info: [ui] [Welcome] kind Authentication is the same as Authentication. ignoring...
2025-07-04T04:01:41.007Z - info: [ui] [Welcome] kind Authentication is the same as Authentication. ignoring...
2025-07-04T04:01:41.061Z - info: [ui] [Welcome] kind Authentication is the same as Authentication. ignoring...
2025-07-04T04:01:41.106Z - info: [ui] [Welcome] kind Authentication is the same as Authentication. ignoring...
2025-07-04T04:01:43.712Z - info: [ui] [Welcome] kind Authentication is the same as Authentication. ignoring...
2025-07-04T04:01:44.304Z - info: [ui] [Welcome] kind Authentication is the same as Authentication. ignoring...
2025-07-04T04:01:44.365Z - info: [ui] [Welcome] kind Authentication is the same as Authentication. ignoring...
2025-07-04T04:01:44.445Z - info: [main] Processing protocol url
2025-07-04T04:01:44.449Z - info: [ui] [Welcome] kind Authentication is the same as Authentication. ignoring...
2025-07-04T04:01:44.465Z - info: [ui] [Welcome] kind Authentication is the same as Authentication. ignoring...
2025-07-04T04:01:44.491Z - info: [ui] [Welcome] kind Authentication is the same as Authentication. ignoring...
2025-07-04T04:01:44.510Z - info: [ui] [Welcome] kind Authentication is the same as Authentication. ignoring...
2025-07-04T04:01:44.541Z - info: [ui] [Welcome] kind Authentication is the same as Authentication. ignoring...
2025-07-04T04:01:44.583Z - info: [ui] [Welcome] kind Authentication is the same as Authentication. ignoring...
2025-07-04T04:01:44.648Z - info: [ui] [Welcome] kind Authentication is the same as Authentication. ignoring...
2025-07-04T04:01:44.695Z - info: [ui] [Welcome] kind Authentication is the same as Authentication. ignoring...
2025-07-04T04:01:44.733Z - info: [ui] [Welcome] kind Authentication is the same as Authentication. ignoring...
2025-07-04T04:01:44.823Z - info: [ui] [Welcome] kind Authentication is the same as Authentication. ignoring...
2025-07-04T04:01:44.844Z - info: [ui] [Welcome] kind Authentication is the same as Authentication. ignoring...
2025-07-04T04:01:44.907Z - info: [ui] [Welcome] kind Authentication is the same as Authentication. ignoring...
2025-07-04T04:01:45.029Z - info: [ui] [Welcome] kind Authentication is the same as Authentication. ignoring...
2025-07-04T04:01:45.037Z - info: [main] Processing protocol url
2025-07-04T04:01:45.092Z - info: [ui] [Welcome] kind Authentication is the same as Authentication. ignoring...
2025-07-04T04:01:45.644Z - info: [ui] [Welcome] kind Authentication is the same as Authentication. ignoring...
2025-07-04T04:01:46.360Z - info: [ui] [SignInStore] account resolved
2025-07-04T04:01:46.362Z - info: [ui] [AppStore] adding account mutionpresents (Mution) to store
2025-07-04T04:01:46.373Z - info: [ui] [Welcome] advancing to step: ConfigureGit
2025-07-04T04:01:46.602Z - info: [ui] [Welcome] no sign in step found. ignoring...
2025-07-04T04:01:47.209Z - info: [ui] [Welcome] no sign in step found. ignoring...
2025-07-04T04:01:59.895Z - info: [ui] [Welcome] no sign in step found. ignoring...
2025-07-04T04:01:59.957Z - info: [ui] [Welcome] no sign in step found. ignoring...
2025-07-04T04:02:00.264Z - info: [ui] [Welcome] no sign in step found. ignoring...
2025-07-04T04:02:00.362Z - info: [ui] Subscribed 'mutionpresents' to Alive channel
2025-07-04T04:03:25.304Z - info: [ui] Executing clone: git -c init.defaultBranch=main clone --recursive --progress -- https://github.com/mutionpresents/Hyprland.dotfiles.git /home/mution/GitHub/Hyprland.dotfiles (took 1.054s)
2025-07-04T04:03:25.386Z - info: [ui] [AppStore] adding repository at /home/mution/GitHub/Hyprland.dotfiles to store
2025-07-04T04:03:27.356Z - info: [ui] [BranchPruner] No branches to prune.
