2025-10-15T02:00:10.189Z - info: [ui] [AppStore] loading 0 repositories from store
2025-10-15T02:00:10.230Z - info: [ui] [Welcome] no sign in step found. ignoring...
2025-10-15T02:00:10.253Z - info: [ui] [Welcome] no sign in step found. ignoring...
2025-10-15T02:00:10.256Z - info: [ui] launching: 3.4.13-linux1 (Linux 6.12.47-1-lts)
2025-10-15T02:00:10.256Z - info: [ui] execPath: '/opt/github-desktop/github-desktop'
2025-10-15T02:00:10.315Z - info: [ui] [Welcome] no sign in step found. ignoring...
2025-10-15T02:00:10.339Z - info: [ui] [Welcome] no sign in step found. ignoring...
2025-10-15T02:00:10.343Z - info: [ui] Opt in reported.
2025-10-15T02:00:13.429Z - info: [ui] [Welcome] advancing to step: SignInToDotComWithBrowser
2025-10-15T02:00:13.430Z - info: [ui] [SignInStore] initializing OAuth flow
2025-10-15T02:00:13.441Z - info: [main] opening in browser: https://github.com/login/oauth/authorize?client_id=3a723b10ac5575cc5bb9&scope=repo%20user%20workflow&state=4444adbb-4838-4592-a271-68ca99d19dae
2025-10-15T02:00:13.443Z - info: [ui] [Welcome] current sign in state not found. ignoring...
2025-10-15T02:00:15.245Z - info: [ui] [Welcome] kind Authentication is the same as Authentication. ignoring...
2025-10-15T02:00:17.529Z - info: [main] Received possible protocol arguments: 3
2025-10-15T02:00:17.529Z - info: [main] Processing protocol url
2025-10-15T02:00:17.534Z - info: [ui] [Welcome] kind Authentication is the same as Authentication. ignoring...
2025-10-15T02:00:17.726Z - info: [main] Received possible protocol arguments: 2
2025-10-15T02:00:17.734Z - info: [main] Processing protocol url
2025-10-15T02:00:18.356Z - info: [ui] [Welcome] kind Authentication is the same as Authentication. ignoring...
2025-10-15T02:00:18.398Z - info: [ui] [SignInStore] account resolved
2025-10-15T02:00:18.400Z - info: [ui] [AppStore] adding account mutionpresents (Mution) to store
2025-10-15T02:00:18.404Z - info: [ui] [Welcome] advancing to step: ConfigureGit
2025-10-15T02:00:18.510Z - info: [ui] [Welcome] no sign in step found. ignoring...
2025-10-15T02:00:18.664Z - info: [ui] [Welcome] no sign in step found. ignoring...
2025-10-15T02:00:19.381Z - info: [ui] [Welcome] no sign in step found. ignoring...
2025-10-15T02:00:19.832Z - info: [ui] [Welcome] no sign in step found. ignoring...
2025-10-15T02:00:24.559Z - info: [ui] [Welcome] no sign in step found. ignoring...
2025-10-15T02:00:24.576Z - info: [ui] [Welcome] no sign in step found. ignoring...
2025-10-15T02:00:24.779Z - info: [ui] [Welcome] no sign in step found. ignoring...
2025-10-15T02:00:24.792Z - info: [ui] Subscribed 'mutionpresents' to Alive channel
2025-10-15T02:02:00.221Z - info: [ui] Executing clone: git -c init.defaultBranch=main clone --recursive --progress -- https://github.com/mutionpresents/dotfiles.git /home/mution/Documents/GitHub/dotfiles (took 63.637s)
2025-10-15T02:02:00.244Z - info: [ui] [AppStore] adding repository at /home/mution/Documents/GitHub/dotfiles to store
2025-10-15T02:08:57.056Z - info: [ui] [RepositoryIndicatorUpdater]: Refreshing sidebar indicators for 1 repositories took 0.6s of which 0.0s paused, total 0.6s
