[INFO  Mon 18 Aug 2025 06:50:53 PM CDT] ...zy/mason.nvim/lua/mason-core/installer/InstallRunner.lua:40: Executing installer for Package(name=lua-language-server) {
  debug = false,
  force = false,
  strict = false
}
[INFO  Mon 18 Aug 2025 06:50:53 PM CDT] ...zy/mason.nvim/lua/mason-core/installer/InstallRunner.lua:40: Executing installer for Package(name=stylua) {
  debug = false,
  force = false,
  strict = false
}
[ERROR Mon 18 Aug 2025 06:50:54 PM CDT] ...zy/mason.nvim/lua/mason-core/installer/InstallRunner.lua:93: Installation failed for Package(name=stylua) error="Installation was aborted."
[ERROR Mon 18 Aug 2025 06:50:54 PM CDT] ...zy/mason.nvim/lua/mason-core/installer/InstallRunner.lua:93: Installation failed for Package(name=lua-language-server) error="Installation was aborted."
[INFO  Mon 18 Aug 2025 06:51:01 PM CDT] ...zy/mason.nvim/lua/mason-core/installer/InstallRunner.lua:40: Executing installer for Package(name=lua-language-server) {
  debug = false,
  force = false,
  strict = false
}
[INFO  Mon 18 Aug 2025 06:51:01 PM CDT] ...zy/mason.nvim/lua/mason-core/installer/InstallRunner.lua:40: Executing installer for Package(name=stylua) {
  debug = false,
  force = false,
  strict = false
}
[INFO  Mon 18 Aug 2025 06:51:03 PM CDT] ...zy/mason.nvim/lua/mason-core/installer/InstallRunner.lua:86: Installation succeeded for Package(name=stylua)
[INFO  Mon 18 Aug 2025 06:51:03 PM CDT] ...zy/mason.nvim/lua/mason-core/installer/InstallRunner.lua:86: Installation succeeded for Package(name=lua-language-server)
[INFO  Mon 18 Aug 2025 07:09:12 PM CDT] ...e/nvim/lazy/mason.nvim/lua/mason-core/installer/init.lua:184: Executing installer for Package(name=stylua) {}
[INFO  Mon 18 Aug 2025 07:09:12 PM CDT] ...e/nvim/lazy/mason.nvim/lua/mason-core/installer/init.lua:184: Executing installer for Package(name=shfmt) {}
[INFO  Mon 18 Aug 2025 07:09:14 PM CDT] ...e/nvim/lazy/mason.nvim/lua/mason-core/installer/init.lua:245: Installation succeeded for Package(name=shfmt)
[INFO  Mon 18 Aug 2025 07:09:14 PM CDT] ...e/nvim/lazy/mason.nvim/lua/mason-core/installer/init.lua:245: Installation succeeded for Package(name=stylua)
[INFO  Mon 18 Aug 2025 07:09:43 PM CDT] ...e/nvim/lazy/mason.nvim/lua/mason-core/installer/init.lua:184: Executing installer for Package(name=lua-language-server) {}
[INFO  Mon 18 Aug 2025 07:09:44 PM CDT] ...e/nvim/lazy/mason.nvim/lua/mason-core/installer/init.lua:245: Installation succeeded for Package(name=lua-language-server)
[ERROR Thu 21 Aug 2025 02:26:19 PM CDT] ...e/nvim/lazy/mason.nvim/lua/mason-core/providers/init.lua:81: Provider "github" "get_latest_release" failed: spawn: wget failed with exit code 5 and signal 0. 
[ERROR Thu 21 Aug 2025 02:26:21 PM CDT] ...e/nvim/lazy/mason.nvim/lua/mason-core/providers/init.lua:81: Provider "github" "get_latest_release" failed: spawn: wget failed with exit code 5 and signal 0. 
[ERROR Thu 21 Aug 2025 02:26:21 PM CDT] ...e/nvim/lazy/mason.nvim/lua/mason-core/providers/init.lua:92: No provider implementation succeeded for github.get_latest_release
[ERROR Thu 21 Aug 2025 02:26:21 PM CDT] ...im/lazy/mason.nvim/lua/mason-registry/sources/github.lua:146: Failed to install registry GitHubRegistrySource(repo=mason-org/mason-registry). "Failed to fetch latest registry version from GitHub API."
