7/14/2025, 11:55:16 PM PDT 0: 

----------------------------------------------
7/14/2025, 11:55:16 PM PDT 1: Discord starting: {"releaseChannel":"stable","version":"0.0.102"}, modulepath: /home/mution/.config/discord/0.0.102/modules
7/14/2025, 11:55:16 PM PDT 2: ✅ webContents.created web1 "index.html"
7/14/2025, 11:55:16 PM PDT 3: ✅ window.created win1 "discord"
7/14/2025, 11:55:17 PM PDT 4: ✅ webContents.did-finish-load web1
7/14/2025, 11:55:28 PM PDT 5: ✅ webContents.created web2 ""
7/14/2025, 11:55:28 PM PDT 6: ✅ window.created win2 "Discord"
7/14/2025, 11:55:30 PM PDT 7: ✅ webContents.did-finish-load web2
7/14/2025, 11:55:32 PM PDT 8: window.close win1
7/14/2025, 11:55:32 PM PDT 9: webContents.destroyed web1
7/14/2025, 11:55:32 PM PDT 10: window.closed win1
7/14/2025, 11:56:17 PM PDT 11: window.close win2
7/14/2025, 11:56:54 PM PDT 0: 

----------------------------------------------
7/14/2025, 11:56:54 PM PDT 1: Discord starting: {"releaseChannel":"stable","version":"0.0.102"}, modulepath: /home/mution/.config/discord/0.0.102/modules
7/15/2025, 12:02:57 AM PDT 12: window.close win2
7/15/2025, 12:39:47 AM PDT 13: before-quit
7/15/2025, 12:39:47 AM PDT 14: window.close win2
7/15/2025, 12:39:47 AM PDT 15: ❌ child-process-gone {
  type: 'Utility',
  reason: 'killed',
  exitCode: 15,
  serviceName: 'audio.mojom.AudioService',
  name: 'Audio Service'
}
7/15/2025, 1:04:25 AM PDT 0: 

----------------------------------------------
7/15/2025, 1:04:25 AM PDT 1: Discord starting: {"releaseChannel":"stable","version":"0.0.102"}, modulepath: /home/mution/.config/discord/0.0.102/modules
7/15/2025, 1:04:25 AM PDT 2: ✅ webContents.created web1 ""
7/15/2025, 1:04:25 AM PDT 3: ✅ window.created win1 "discord"
7/15/2025, 1:04:26 AM PDT 4: ✅ webContents.created web2 ""
7/15/2025, 1:04:26 AM PDT 5: ✅ window.created win2 "Discord"
7/15/2025, 1:04:26 AM PDT 6: ✅ webContents.did-finish-load web1
7/15/2025, 1:04:28 AM PDT 7: ✅ webContents.did-finish-load web2
7/15/2025, 1:04:29 AM PDT 8: window.close win1
7/15/2025, 1:04:29 AM PDT 9: webContents.destroyed web1
7/15/2025, 1:04:29 AM PDT 10: window.closed win1
7/15/2025, 1:06:00 AM PDT 11: window.close win2
7/15/2025, 1:06:05 AM PDT 12: before-quit
7/15/2025, 1:06:05 AM PDT 13: window.close win2
7/15/2025, 1:06:05 AM PDT 14: ❌ child-process-gone {
  type: 'Utility',
  reason: 'killed',
  exitCode: 15,
  serviceName: 'audio.mojom.AudioService',
  name: 'Audio Service'
}
7/15/2025, 1:06:05 AM PDT 15: ❌ child-process-gone {
  type: 'Utility',
  reason: 'killed',
  exitCode: 15,
  serviceName: 'network.mojom.NetworkService',
  name: 'Network Service'
}
7/15/2025, 10:42:03 AM PDT 0: 

----------------------------------------------
7/15/2025, 10:42:03 AM PDT 1: Discord starting: {"releaseChannel":"stable","version":"0.0.102"}, modulepath: /home/mution/.config/discord/0.0.102/modules
7/15/2025, 10:42:03 AM PDT 2: ✅ webContents.created web1 ""
7/15/2025, 10:42:03 AM PDT 3: ✅ window.created win1 "discord"
7/15/2025, 10:42:03 AM PDT 4: ✅ webContents.did-finish-load web1
7/15/2025, 10:42:40 AM PDT 5: window.close win1
7/15/2025, 10:42:40 AM PDT 6: webContents.destroyed web1
7/16/2025, 12:05:59 AM PDT 0: 

----------------------------------------------
7/16/2025, 12:05:59 AM PDT 1: Discord starting: {"releaseChannel":"stable","version":"0.0.102"}, modulepath: /home/mution/.config/discord/0.0.102/modules
7/16/2025, 12:05:59 AM PDT 2: ✅ webContents.created web1 ""
7/16/2025, 12:05:59 AM PDT 3: ✅ window.created win1 "discord"
7/16/2025, 12:05:59 AM PDT 4: ✅ webContents.did-finish-load web1
7/16/2025, 12:05:59 AM PDT 5: ✅ webContents.created web2 ""
7/16/2025, 12:05:59 AM PDT 6: ✅ window.created win2 "Discord"
7/16/2025, 12:06:02 AM PDT 7: ✅ webContents.did-finish-load web2
7/16/2025, 12:06:03 AM PDT 8: window.close win1
7/16/2025, 12:06:03 AM PDT 9: webContents.destroyed web1
7/16/2025, 12:06:03 AM PDT 10: window.closed win1
7/16/2025, 12:06:30 AM PDT 11: window.close win2
7/16/2025, 12:29:04 AM PDT 12: before-quit
7/16/2025, 12:29:04 AM PDT 13: window.close win2
7/16/2025, 12:29:04 AM PDT 14: ❌ child-process-gone {
  type: 'Utility',
  reason: 'killed',
  exitCode: 15,
  serviceName: 'network.mojom.NetworkService',
  name: 'Network Service'
}
7/16/2025, 12:29:04 AM PDT 15: ❌ child-process-gone {
  type: 'Utility',
  reason: 'killed',
  exitCode: 15,
  serviceName: 'audio.mojom.AudioService',
  name: 'Audio Service'
}
7/16/2025, 12:29:04 AM PDT 16: ❌ render-process-gone { reason: 'killed', exitCode: 15 }
7/16/2025, 8:31:51 PM PDT 0: 

----------------------------------------------
7/16/2025, 8:31:51 PM PDT 1: Discord starting: {"releaseChannel":"stable","version":"0.0.102"}, modulepath: /home/mution/.config/discord/0.0.102/modules
7/16/2025, 8:31:51 PM PDT 2: ✅ webContents.created web1 ""
7/16/2025, 8:31:51 PM PDT 3: ✅ window.created win1 "discord"
7/16/2025, 8:31:51 PM PDT 4: ✅ webContents.did-finish-load web1
7/16/2025, 8:31:52 PM PDT 5: ✅ webContents.created web2 ""
7/16/2025, 8:31:52 PM PDT 6: ✅ window.created win2 "Discord"
7/16/2025, 8:31:53 PM PDT 7: ✅ webContents.did-finish-load web2
7/16/2025, 8:31:54 PM PDT 8: window.close win1
7/16/2025, 8:31:54 PM PDT 9: webContents.destroyed web1
7/16/2025, 8:31:54 PM PDT 10: window.closed win1
7/16/2025, 8:32:03 PM PDT 11: window.close win2
7/16/2025, 9:29:04 PM PDT 12: before-quit
7/16/2025, 9:29:04 PM PDT 13: window.close win2
7/16/2025, 9:29:04 PM PDT 14: ❌ child-process-gone {
  type: 'Utility',
  reason: 'killed',
  exitCode: 15,
  serviceName: 'video_capture.mojom.VideoCaptureService',
  name: 'Video Capture'
}
7/16/2025, 9:29:04 PM PDT 15: ❌ child-process-gone {
  type: 'Utility',
  reason: 'killed',
  exitCode: 15,
  serviceName: 'network.mojom.NetworkService',
  name: 'Network Service'
}
7/17/2025, 9:17:52 AM PDT 0: 

----------------------------------------------
7/17/2025, 9:17:52 AM PDT 1: Discord starting: {"releaseChannel":"stable","version":"0.0.102"}, modulepath: /home/mution/.config/discord/0.0.102/modules
7/17/2025, 9:17:52 AM PDT 2: ✅ webContents.created web1 ""
7/17/2025, 9:17:52 AM PDT 3: ✅ window.created win1 "discord"
7/17/2025, 9:17:53 AM PDT 4: ✅ webContents.did-finish-load web1
7/17/2025, 9:18:01 AM PDT 5: window.close win1
7/17/2025, 9:18:01 AM PDT 6: webContents.destroyed web1
7/17/2025, 12:16:27 PM PDT 0: 

----------------------------------------------
7/17/2025, 12:16:27 PM PDT 1: Discord starting: {"releaseChannel":"stable","version":"0.0.102"}, modulepath: /home/mution/.config/discord/0.0.102/modules
7/17/2025, 12:16:27 PM PDT 2: ✅ webContents.created web1 ""
7/17/2025, 12:16:27 PM PDT 3: ✅ window.created win1 "discord"
7/17/2025, 12:16:28 PM PDT 4: ✅ webContents.did-finish-load web1
7/17/2025, 12:16:29 PM PDT 5: ✅ webContents.created web2 ""
7/17/2025, 12:16:29 PM PDT 6: ✅ window.created win2 "Discord"
7/17/2025, 12:16:32 PM PDT 7: ✅ webContents.did-finish-load web2
7/17/2025, 12:16:34 PM PDT 8: window.close win1
7/17/2025, 12:16:34 PM PDT 9: webContents.destroyed web1
7/17/2025, 12:16:34 PM PDT 10: window.closed win1
7/17/2025, 12:16:51 PM PDT 11: window.close win2
7/17/2025, 3:32:46 PM PDT 12: before-quit
7/17/2025, 3:32:46 PM PDT 13: window.close win2
7/17/2025, 3:32:46 PM PDT 14: ❌ child-process-gone {
  type: 'Utility',
  reason: 'killed',
  exitCode: 15,
  serviceName: 'audio.mojom.AudioService',
  name: 'Audio Service'
}
7/17/2025, 3:32:46 PM PDT 15: ❌ child-process-gone {
  type: 'Utility',
  reason: 'killed',
  exitCode: 15,
  serviceName: 'network.mojom.NetworkService',
  name: 'Network Service'
}
7/17/2025, 3:32:46 PM PDT 16: ❌ render-process-gone { reason: 'killed', exitCode: 15 }
