   114.8ms (setup:1108): 2025-08-18 19:40:20
   114.9ms (setup:1109): /usr/bin/pipx install waypaper
   114.9ms (setup:1110): pipx version is 1.7.1
   115.0ms (setup:1111): Default python interpreter is '/usr/bin/python3.13'
   115.0ms (mkdir:76): creating directory /home/mution/.local/share/pipx/venvs
   115.2ms (mkdir:76): creating directory /home/mution/.local/share/man
   115.3ms (mkdir:76): creating directory /home/mution/.cache/pipx
   115.4ms (mkdir:76): creating directory /home/mution/.local/share/pipx/py
   115.5ms (setup:1125): Adding CACHEDIR.TAG to cache directory
   115.5ms (setup:1125): Adding CACHEDIR.TAG to cache directory
   116.3ms (package_name_from_spec:378): Determined package name: waypaper
   116.4ms (package_name_from_spec:379): Package name determined in 0.0s
   116.5ms (create_venv:164): Creating virtual environment
   116.9ms (run_subprocess:175): running /usr/bin/python3.13 -m venv --without-pip /home/mution/.local/share/pipx/venvs/waypaper
   158.5ms (run_subprocess:195): stdout:
   158.6ms (run_subprocess:197): stderr:
   158.6ms (run_subprocess:198): returncode: 0
   159.1ms (run_subprocess:175): running /usr/bin/python3.13 -m venv --clear /home/mution/.local/share/pipx/shared
  2235.2ms (run_subprocess:195): stdout:
  2235.3ms (run_subprocess:197): stderr:
  2235.4ms (run_subprocess:198): returncode: 0
  2235.8ms (run_subprocess:175): running <checking pip's availability>
  2251.3ms (run_subprocess:195): stdout: ModuleSpec(name='pip', loader=<_frozen_importlib_external.SourceFileLoader object at 0x7fd8c47607c0>, origin='/home/mution/.local/share/pipx/shared/lib/python3.13/site-packages/pip/__init__.py', submodule_search_locations=['/home/mution/.local/share/pipx/shared/lib/python3.13/site-packages/pip'])
  2251.3ms (run_subprocess:198): returncode: 0
  2251.5ms (upgrade:119): Upgrading shared libraries in /home/mution/.local/share/pipx/shared
  2251.9ms (run_subprocess:175): running /home/mution/.local/share/pipx/shared/bin/python -m pip --no-input --disable-pip-version-check install --force-reinstall -q --upgrade pip >= 23.1
  3818.1ms (run_subprocess:195): stdout:
  3818.2ms (run_subprocess:197): stderr:
  3818.3ms (run_subprocess:198): returncode: 0
  3818.9ms (run_subprocess:175): running /home/mution/.local/share/pipx/venvs/waypaper/bin/python -c import sysconfig; print(sysconfig.get_path('purelib'))
  3840.2ms (run_subprocess:195): stdout: /home/mution/.local/share/pipx/venvs/waypaper/lib/python3.13/site-packages
  3840.2ms (run_subprocess:198): returncode: 0
  3840.5ms (run_subprocess:175): running /home/mution/.local/share/pipx/shared/bin/python -c import sysconfig; print(sysconfig.get_path('purelib'))
  3858.1ms (run_subprocess:195): stdout: /home/mution/.local/share/pipx/shared/lib/python3.13/site-packages
  3858.2ms (run_subprocess:198): returncode: 0
  3858.6ms (run_subprocess:175): running /home/mution/.local/share/pipx/venvs/waypaper/bin/python --version
  3859.9ms (run_subprocess:195): stdout: Python 3.13.5
  3859.9ms (run_subprocess:197): stderr:
  3859.9ms (run_subprocess:198): returncode: 0
  3860.1ms (_parsed_package_to_package_or_url:139): cleaned package spec: waypaper
  3860.1ms (install_package:247): Installing waypaper
  3860.4ms (run_subprocess:175): running /home/mution/.local/share/pipx/venvs/waypaper/bin/python -m pip --no-input install waypaper
 36437.5ms (run_subprocess:198): returncode: 0
 36438.1ms (run_subprocess:175): running <fetch_info_in_venv commands>
 36486.7ms (run_subprocess:195): stdout: {"sys_path": ["/usr/lib/python313.zip", "/usr/lib/python3.13", "/usr/lib/python3.13/lib-dynload", "/home/mution/.local/share/pipx/venvs/waypaper/lib/python3.13/site-packages", "/home/mution/.local/share/pipx/shared/lib/python3.13/site-packages"], "python_version": "3.13.5", "environment": {"implementation_name": "cpython", "implementation_version": "3.13.5", "os_name": "posix", "platform_machine": "x86_64", "platform_release": "6.16.0-arch2-1", "platform_system": "Linux", "platform_version": "#1 SMP PREEMPT_DYNAMIC Wed, 13 Aug 2025 23:38:48 +0000", "python_full_version": "3.13.5", "platform_python_implementation": "CPython", "python_version": "3.13", "sys_platform": "linux"}}
 36486.9ms (run_subprocess:198): returncode: 0
 36703.1ms (get_venv_metadata_for_package:351): get_venv_metadata_for_package: 265ms
 36703.3ms (_parsed_package_to_package_or_url:139): cleaned package spec: waypaper
 36704.4ms (mkdir:76): creating directory /home/mution/.local/share/man/man1
 36706.3ms (cli:1187): pipx finished.
