2026-01-14T19:36:03.064Z - info: [ui] [AppStore] loading 0 repositories from store
2026-01-14T19:36:03.128Z - info: [ui] [Welcome] no sign in step found. ignoring...
2026-01-14T19:36:03.292Z - info: [ui] [Welcome] no sign in step found. ignoring...
2026-01-14T19:36:03.307Z - info: [ui] launching: 3.4.13-linux1 (Linux 6.18.5-arch1-1)
2026-01-14T19:36:03.309Z - info: [ui] execPath: '/opt/github-desktop/github-desktop'
2026-01-14T19:36:03.392Z - info: [ui] Opt in reported.
2026-01-14T19:36:03.540Z - info: [ui] [Welcome] no sign in step found. ignoring...
2026-01-14T19:36:05.025Z - info: [ui] [Welcome] advancing to step: SignInToDotComWithBrowser
2026-01-14T19:36:05.025Z - info: [ui] [SignInStore] initializing OAuth flow
2026-01-14T19:36:05.031Z - info: [main] opening in browser: https://github.com/login/oauth/authorize?client_id=3a723b10ac5575cc5bb9&scope=repo%20user%20workflow&state=3fd1daec-78cd-49c5-bc90-072e9c0a445d
2026-01-14T19:36:05.032Z - info: [ui] [Welcome] current sign in state not found. ignoring...
2026-01-14T19:36:06.905Z - info: [ui] [Welcome] kind Authentication is the same as Authentication. ignoring...
2026-01-14T19:36:07.037Z - info: [ui] [Welcome] kind Authentication is the same as Authentication. ignoring...
2026-01-14T19:36:07.236Z - info: [ui] [Welcome] kind Authentication is the same as Authentication. ignoring...
2026-01-14T19:36:07.336Z - info: [ui] [Welcome] kind Authentication is the same as Authentication. ignoring...
2026-01-14T19:36:07.519Z - info: [ui] [Welcome] kind Authentication is the same as Authentication. ignoring...
2026-01-14T19:36:07.634Z - info: [ui] [Welcome] kind Authentication is the same as Authentication. ignoring...
2026-01-14T19:36:08.488Z - info: [ui] [Welcome] kind Authentication is the same as Authentication. ignoring...
2026-01-14T19:36:30.853Z - info: [main] Received possible protocol arguments: 3
2026-01-14T19:36:30.853Z - info: [main] Processing protocol url
2026-01-14T19:36:30.870Z - info: [ui] [Welcome] kind Authentication is the same as Authentication. ignoring...
2026-01-14T19:36:31.046Z - info: [main] Received possible protocol arguments: 2
2026-01-14T19:36:31.055Z - info: [main] Processing protocol url
2026-01-14T19:36:32.440Z - info: [ui] [SignInStore] account resolved
2026-01-14T19:36:32.442Z - info: [ui] [AppStore] adding account mutionpresents (Mution) to store
2026-01-14T19:36:32.451Z - info: [ui] [Welcome] advancing to step: ConfigureGit
2026-01-14T19:36:32.637Z - error: [ui] Error adding account 'mutionpresents'
Error: The name is not activatable
2026-01-14T19:36:32.653Z - info: [ui] [Welcome] no sign in step found. ignoring...
2026-01-14T19:36:35.929Z - info: [ui] [Welcome] no sign in step found. ignoring...
2026-01-14T19:37:20.768Z - info: [ui] [AppStore] adding repository at /home/mution/dotfiles to store
2026-01-14T19:37:35.106Z - info: [ui] [Timing] Action 'create commit' for 'dotfiles' took 0.465s
2026-01-14T19:37:40.053Z - info: [ui] [SignInStore] initializing OAuth flow
2026-01-14T19:37:40.063Z - info: [main] opening in browser: https://github.com/login/oauth/authorize?client_id=3a723b10ac5575cc5bb9&scope=repo%20user%20workflow&state=9b727032-c7e9-4063-90cf-50d02fc4fa63
2026-01-14T19:38:02.671Z - info: [main] Received possible protocol arguments: 3
2026-01-14T19:38:02.671Z - info: [main] Processing protocol url
2026-01-14T19:38:02.921Z - info: [main] Received possible protocol arguments: 2
2026-01-14T19:38:02.930Z - info: [main] Processing protocol url
2026-01-14T19:38:03.875Z - info: [ui] [SignInStore] account resolved
2026-01-14T19:38:03.876Z - info: [ui] [AppStore] adding account mutionpresents (Mution) to store
2026-01-14T19:38:03.905Z - error: [ui] Error adding account 'mutionpresents'
Error: The name is not activatable
2026-01-14T19:38:04.236Z - info: [ui] Executing push: git push origin main:main --progress (took 26.308s)
2026-01-14T19:38:04.240Z - error: [ui] `git push origin main:main --progress` exited with an unexpected code: 1.
To https://github.com/mutionpresents/dotfiles.git
 ! [rejected]        main -> main (fetch first)
error: failed to push some refs to 'https://github.com/mutionpresents/dotfiles.git'
hint: Updates were rejected because the remote contains work that you do not
hint: have locally. This is usually caused by another repository pushing to
hint: the same ref. If you want to integrate the remote changes, use
hint: 'git pull' before pushing again.
hint: See the 'Note about fast-forwards' in 'git push --help' for details.

(The error was parsed as 11: The repository has been updated since you last pulled. Try pulling before pushing.)
2026-01-14T19:38:07.279Z - info: [ui] [RepositoryIndicatorUpdater]: Refreshing sidebar indicators for 1 repositories took 1.7s of which 0.0s paused, total 1.7s
2026-01-14T19:38:20.360Z - info: [ui] [SignInStore] initializing OAuth flow
2026-01-14T19:38:20.365Z - info: [main] opening in browser: https://github.com/login/oauth/authorize?client_id=3a723b10ac5575cc5bb9&scope=repo%20user%20workflow&state=11cd3fe4-661e-401c-830b-115ac83be0f9
2026-01-14T19:38:44.805Z - info: [main] Received possible protocol arguments: 3
2026-01-14T19:38:44.805Z - info: [main] Processing protocol url
2026-01-14T19:38:44.998Z - info: [main] Received possible protocol arguments: 2
2026-01-14T19:38:45.007Z - info: [main] Processing protocol url
2026-01-14T19:38:45.744Z - info: [ui] [SignInStore] account resolved
2026-01-14T19:38:45.773Z - info: [ui] [AppStore] adding account mutionpresents (Mution) to store
2026-01-14T19:38:45.785Z - error: [ui] Error adding account 'mutionpresents'
Error: The name is not activatable
2026-01-14T19:38:46.998Z - info: [ui] Executing push: git push origin main:main --progress (took 28.978s)
2026-01-14T21:20:56.522Z - info: [ui] [AppStore] loading 1 repositories from store
2026-01-14T21:20:57.106Z - info: [ui] launching: 3.4.13-linux1 (Linux 6.18.5-arch1-1)
2026-01-14T21:20:57.108Z - info: [ui] execPath: '/opt/github-desktop/github-desktop'
2026-01-14T21:20:57.578Z - info: [ui] Stats reported.
