I[13:35:59.509] clangd version 21.0.0git (https://github.com/llvm/llvm-project c6cec7bd9cef993b377903b88375e00badcbf11b)
I[13:35:59.509] Features: linux
I[13:35:59.509] PID: 9184
I[13:35:59.509] Working directory: /home/mution/School/Fall 2025 Semester/CSCI 230/Lecture Notes/Exam 1 Lecture Notes [PDF]
I[13:35:59.509] argv[0]: /home/mution/.vscode-oss/extensions/kylinideteam.kylin-clangd-0.4.0-linux-x64/res/clangd/bin/clangd
I[13:35:59.509] argv[1]: --clang-tidy=1
I[13:35:59.510] Starting LSP over stdin/stdout
I[13:35:59.514] <-- initialize(0)
I[13:35:59.519] --> reply:initialize(0) 5 ms
I[13:35:59.522] <-- initialized
I[13:35:59.533] <-- textDocument/didOpen
I[13:35:59.537] <-- textDocument/codeAction(1)
I[13:35:59.537] <-- textDocument/documentLink(2)
I[13:35:59.537] --> textDocument/publishDiagnostics
I[13:35:59.537] Failed to find compilation database for /home/mution/School/Fall 2025 Semester/CSCI 230/Lecture Notes/Exam 1 Lecture Notes [PDF]/Part 2 Practice exam.cpp
I[13:35:59.537] ASTWorker building file /home/mution/School/Fall 2025 Semester/CSCI 230/Lecture Notes/Exam 1 Lecture Notes [PDF]/Part 2 Practice exam.cpp version 1 with command clangd fallback
[/home/mution/School/Fall 2025 Semester/CSCI 230/Lecture Notes/Exam 1 Lecture Notes [PDF]]
/usr/bin/clang -resource-dir=/home/mution/.vscode-oss/extensions/kylinideteam.kylin-clangd-0.4.0-linux-x64/res/clangd/lib/clang/21 -- "/home/mution/School/Fall 2025 Semester/CSCI 230/Lecture Notes/Exam 1 Lecture Notes [PDF]/Part 2 Practice exam.cpp"
I[13:35:59.539] <-- textDocument/inlayHint(3)
I[13:35:59.547] --> textDocument/clangd.fileStatus
I[13:35:59.638] <-- $/setTrace
I[13:35:59.638] unhandled notification $/setTrace
I[13:35:59.743] <-- $/cancelRequest
I[13:35:59.743] <-- textDocument/inlayHint(4)
I[13:35:59.743] <-- textDocument/foldingRange(5)
I[13:35:59.743] --> reply:textDocument/foldingRange(5) 0 ms
I[13:35:59.749] <-- textDocument/documentSymbol(6)
I[13:35:59.831] <-- textDocument/documentSymbol(7)
I[13:36:00.020] Built preamble of size 3968916 for file /home/mution/School/Fall 2025 Semester/CSCI 230/Lecture Notes/Exam 1 Lecture Notes [PDF]/Part 2 Practice exam.cpp version 1 in 0.47 seconds
I[13:36:00.021] --> workspace/semanticTokens/refresh(0)
I[13:36:00.021] --> textDocument/clangd.fileStatus
I[13:36:00.021] Indexing c++17 standard library in the context of /home/mution/School/Fall 2025 Semester/CSCI 230/Lecture Notes/Exam 1 Lecture Notes [PDF]/Part 2 Practice exam.cpp
I[13:36:00.021] --> textDocument/clangd.fileStatus
I[13:36:00.023] <-- reply(0)
I[13:36:00.024] <-- textDocument/semanticTokens/full(8)
I[13:36:00.047] --> textDocument/publishDiagnostics
I[13:36:00.047] --> textDocument/inactiveRegions
I[13:36:00.049] --> reply:textDocument/codeAction(1) 512 ms
I[13:36:00.049] --> reply:textDocument/documentLink(2) 512 ms
I[13:36:00.049] --> reply:textDocument/inlayHint(3) 509 ms, error: Task was cancelled.
I[13:36:00.049] --> reply:textDocument/inlayHint(4) 306 ms
I[13:36:00.049] --> reply:textDocument/documentSymbol(6) 299 ms
I[13:36:00.049] --> reply:textDocument/documentSymbol(7) 217 ms
I[13:36:00.049] --> reply:textDocument/semanticTokens/full(8) 24 ms
I[13:36:00.049] --> textDocument/clangd.fileStatus
[Error - 1:36:00 PM] Request textDocument/inlayHint failed.
[object Object]
I[13:36:00.669] <-- textDocument/hover(9)
I[13:36:00.670] --> reply:textDocument/hover(9) 0 ms
I[13:36:00.670] --> textDocument/clangd.fileStatus
I[13:36:01.233] <-- textDocument/hover(10)
I[13:36:01.233] --> reply:textDocument/hover(10) 0 ms
I[13:36:01.233] --> textDocument/clangd.fileStatus
I[13:36:01.641] <-- textDocument/definition(11)
I[13:36:01.641] Found definition heuristically using nearby identifier center
I[13:36:01.641] --> reply:textDocument/definition(11) 0 ms
I[13:36:01.641] --> textDocument/clangd.fileStatus
I[13:36:02.771] Indexed c++17 standard library (incomplete due to errors): 14392 symbols, 11464 filtered
