I[00:20:35.320] clangd version 21.0.0git (https://github.com/llvm/llvm-project c6cec7bd9cef993b377903b88375e00badcbf11b)
I[00:20:35.320] Features: linux
I[00:20:35.320] PID: 13729
I[00:20:35.320] Working directory: /home/mution/School/Fall 2025 Semester/CSCI 230/Lecture Notes/Exam 1 Lecture Notes [PDF]
I[00:20:35.320] argv[0]: /home/mution/.vscode-oss/extensions/kylinideteam.kylin-clangd-0.4.0-linux-x64/res/clangd/bin/clangd
I[00:20:35.320] argv[1]: --clang-tidy=1
I[00:20:35.320] Starting LSP over stdin/stdout
I[00:20:35.330] <-- initialize(0)
I[00:20:35.331] --> reply:initialize(0) 1 ms
I[00:20:35.346] <-- initialized
I[00:20:35.365] <-- textDocument/didOpen
I[00:20:35.366] --> textDocument/publishDiagnostics
I[00:20:35.367] Failed to find compilation database for /home/mution/School/Fall 2025 Semester/CSCI 230/Lecture Notes/Exam 1 Lecture Notes [PDF]/Linearsearch.cpp
I[00:20:35.367] ASTWorker building file /home/mution/School/Fall 2025 Semester/CSCI 230/Lecture Notes/Exam 1 Lecture Notes [PDF]/Linearsearch.cpp version 1 with command clangd fallback
[/home/mution/School/Fall 2025 Semester/CSCI 230/Lecture Notes/Exam 1 Lecture Notes [PDF]]
/usr/bin/clang -resource-dir=/home/mution/.vscode-oss/extensions/kylinideteam.kylin-clangd-0.4.0-linux-x64/res/clangd/lib/clang/21 -- "/home/mution/School/Fall 2025 Semester/CSCI 230/Lecture Notes/Exam 1 Lecture Notes [PDF]/Linearsearch.cpp"
I[00:20:35.369] --> textDocument/clangd.fileStatus
I[00:20:35.371] <-- textDocument/documentSymbol(1)
I[00:20:35.371] <-- textDocument/codeAction(2)
I[00:20:35.383] <-- textDocument/documentLink(3)
I[00:20:35.391] <-- textDocument/inlayHint(4)
I[00:20:35.581] <-- textDocument/foldingRange(5)
I[00:20:35.581] --> reply:textDocument/foldingRange(5) 0 ms
I[00:20:35.655] <-- textDocument/documentSymbol(6)
I[00:20:35.920] <-- textDocument/semanticTokens/full(7)
I[00:20:36.025] Built preamble of size 3968932 for file /home/mution/School/Fall 2025 Semester/CSCI 230/Lecture Notes/Exam 1 Lecture Notes [PDF]/Linearsearch.cpp version 1 in 0.66 seconds
I[00:20:36.025] --> workspace/semanticTokens/refresh(0)
I[00:20:36.025] --> textDocument/clangd.fileStatus
I[00:20:36.025] Indexing c++17 standard library in the context of /home/mution/School/Fall 2025 Semester/CSCI 230/Lecture Notes/Exam 1 Lecture Notes [PDF]/Linearsearch.cpp
I[00:20:36.028] <-- reply(0)
I[00:20:36.052] --> textDocument/publishDiagnostics
I[00:20:36.052] --> textDocument/inactiveRegions
I[00:20:36.052] --> reply:textDocument/documentSymbol(1) 681 ms
I[00:20:36.052] --> reply:textDocument/codeAction(2) 681 ms
I[00:20:36.053] --> reply:textDocument/documentLink(3) 669 ms
I[00:20:36.053] --> reply:textDocument/inlayHint(4) 661 ms
I[00:20:36.053] --> reply:textDocument/documentSymbol(6) 397 ms
I[00:20:36.053] --> reply:textDocument/semanticTokens/full(7) 132 ms
I[00:20:36.053] --> textDocument/clangd.fileStatus
I[00:20:36.390] <-- textDocument/semanticTokens/full/delta(8)
I[00:20:36.390] --> reply:textDocument/semanticTokens/full/delta(8) 0 ms
I[00:20:36.390] --> textDocument/clangd.fileStatus
I[00:20:40.571] Indexed c++17 standard library (incomplete due to errors): 14392 symbols, 11464 filtered
I[00:20:45.465] <-- textDocument/inlayHint(9)
I[00:20:45.466] --> reply:textDocument/inlayHint(9) 0 ms
I[00:20:45.466] --> textDocument/clangd.fileStatus
I[00:20:59.204] <-- textDocument/codeAction(10)
I[00:20:59.205] --> reply:textDocument/codeAction(10) 0 ms
I[00:20:59.205] --> textDocument/clangd.fileStatus
I[00:20:59.289] <-- textDocument/documentLink(11)
I[00:20:59.289] --> reply:textDocument/documentLink(11) 0 ms
I[00:20:59.289] --> textDocument/clangd.fileStatus
I[00:20:59.372] <-- textDocument/foldingRange(12)
I[00:20:59.372] --> reply:textDocument/foldingRange(12) 0 ms
I[00:20:59.463] <-- textDocument/codeAction(13)
I[00:20:59.463] --> reply:textDocument/codeAction(13) 0 ms
I[00:20:59.463] --> textDocument/clangd.fileStatus
I[00:20:59.464] <-- textDocument/semanticTokens/full/delta(14)
I[00:20:59.465] --> reply:textDocument/semanticTokens/full/delta(14) 0 ms
I[00:20:59.465] --> textDocument/clangd.fileStatus
I[00:20:59.481] <-- textDocument/documentSymbol(15)
I[00:20:59.481] --> reply:textDocument/documentSymbol(15) 0 ms
I[00:20:59.482] --> textDocument/clangd.fileStatus
I[00:20:59.561] <-- textDocument/inlayHint(16)
I[00:20:59.561] --> reply:textDocument/inlayHint(16) 0 ms
I[00:20:59.562] --> textDocument/clangd.fileStatus
I[00:21:03.577] <-- textDocument/hover(17)
I[00:21:03.577] --> reply:textDocument/hover(17) 0 ms
I[00:21:03.577] --> textDocument/clangd.fileStatus
I[00:21:06.749] <-- textDocument/hover(18)
I[00:21:06.750] --> reply:textDocument/hover(18) 1 ms
I[00:21:06.750] --> textDocument/clangd.fileStatus
I[00:21:09.471] <-- textDocument/inlayHint(19)
I[00:21:09.471] --> reply:textDocument/inlayHint(19) 0 ms
I[00:21:09.471] --> textDocument/clangd.fileStatus
I[00:21:09.865] <-- textDocument/inlayHint(20)
I[00:21:09.865] --> reply:textDocument/inlayHint(20) 0 ms
I[00:21:09.865] --> textDocument/clangd.fileStatus
I[00:21:10.409] <-- textDocument/inlayHint(21)
I[00:21:10.409] --> reply:textDocument/inlayHint(21) 0 ms
I[00:21:10.409] --> textDocument/clangd.fileStatus
I[00:21:12.601] <-- textDocument/hover(22)
I[00:21:12.602] --> reply:textDocument/hover(22) 0 ms
I[00:21:12.602] --> textDocument/clangd.fileStatus
I[00:21:51.904] <-- $/setTrace
I[00:21:51.904] unhandled notification $/setTrace
I[00:21:53.067] <-- $/setTrace
I[00:21:53.067] unhandled notification $/setTrace
I[00:21:53.552] <-- textDocument/codeAction(23)
I[00:21:53.552] --> reply:textDocument/codeAction(23) 0 ms
I[00:21:53.553] --> textDocument/clangd.fileStatus
I[00:21:53.645] <-- textDocument/documentLink(24)
I[00:21:53.645] --> reply:textDocument/documentLink(24) 0 ms
I[00:21:53.645] --> textDocument/clangd.fileStatus
I[00:21:53.704] <-- textDocument/inlayHint(25)
I[00:21:53.704] --> reply:textDocument/inlayHint(25) 0 ms
I[00:21:53.704] --> textDocument/clangd.fileStatus
I[00:21:53.723] <-- textDocument/foldingRange(26)
I[00:21:53.724] --> reply:textDocument/foldingRange(26) 0 ms
I[00:21:53.810] <-- textDocument/semanticTokens/full/delta(27)
I[00:21:53.810] --> reply:textDocument/semanticTokens/full/delta(27) 0 ms
I[00:21:53.810] --> textDocument/clangd.fileStatus
I[00:21:53.826] <-- textDocument/codeAction(28)
I[00:21:53.826] --> reply:textDocument/codeAction(28) 0 ms
I[00:21:53.826] --> textDocument/clangd.fileStatus
I[00:21:53.837] <-- textDocument/documentSymbol(29)
I[00:21:53.837] --> reply:textDocument/documentSymbol(29) 0 ms
I[00:21:53.837] --> textDocument/clangd.fileStatus
I[00:21:54.120] <-- textDocument/hover(30)
I[00:21:54.120] --> reply:textDocument/hover(30) 0 ms
I[00:21:54.120] --> textDocument/clangd.fileStatus
I[00:22:39.974] <-- textDocument/hover(31)
I[00:22:39.974] --> reply:textDocument/hover(31) 0 ms
I[00:22:39.974] --> textDocument/clangd.fileStatus
I[00:22:45.493] <-- textDocument/inlayHint(32)
I[00:22:45.493] --> reply:textDocument/inlayHint(32) 0 ms
I[00:22:45.493] --> textDocument/clangd.fileStatus
I[00:22:45.875] <-- textDocument/inlayHint(33)
I[00:22:45.875] --> reply:textDocument/inlayHint(33) 0 ms
I[00:22:45.875] --> textDocument/clangd.fileStatus
I[00:23:09.312] <-- $/setTrace
I[00:23:09.312] unhandled notification $/setTrace
I[00:23:21.931] <-- $/setTrace
I[00:23:21.931] unhandled notification $/setTrace
I[00:24:11.484] <-- $/setTrace
I[00:24:11.484] unhandled notification $/setTrace
I[00:24:18.360] <-- textDocument/codeAction(34)
I[00:24:18.360] --> reply:textDocument/codeAction(34) 0 ms
I[00:24:18.360] --> textDocument/clangd.fileStatus
I[00:24:18.429] <-- textDocument/documentLink(35)
I[00:24:18.429] --> reply:textDocument/documentLink(35) 0 ms
I[00:24:18.429] --> textDocument/clangd.fileStatus
I[00:24:18.440] <-- textDocument/inlayHint(36)
I[00:24:18.440] --> reply:textDocument/inlayHint(36) 0 ms
I[00:24:18.441] --> textDocument/clangd.fileStatus
I[00:24:18.530] <-- textDocument/foldingRange(37)
I[00:24:18.531] --> reply:textDocument/foldingRange(37) 0 ms
I[00:24:18.615] <-- textDocument/codeAction(38)
I[00:24:18.615] --> reply:textDocument/codeAction(38) 0 ms
I[00:24:18.615] --> textDocument/clangd.fileStatus
I[00:24:18.622] <-- textDocument/semanticTokens/full/delta(39)
I[00:24:18.623] --> reply:textDocument/semanticTokens/full/delta(39) 0 ms
I[00:24:18.623] --> textDocument/clangd.fileStatus
I[00:24:18.650] <-- textDocument/documentSymbol(40)
I[00:24:18.650] --> reply:textDocument/documentSymbol(40) 0 ms
I[00:24:18.651] --> textDocument/clangd.fileStatus
I[00:24:19.657] <-- textDocument/hover(41)
I[00:24:19.658] --> reply:textDocument/hover(41) 0 ms
I[00:24:19.658] --> textDocument/clangd.fileStatus
I[00:24:19.729] <-- textDocument/documentHighlight(42)
I[00:24:19.729] --> reply:textDocument/documentHighlight(42) 0 ms
I[00:24:19.729] --> textDocument/clangd.fileStatus
I[00:24:19.927] <-- textDocument/codeAction(43)
I[00:24:19.928] --> reply:textDocument/codeAction(43) 0 ms
I[00:24:19.928] --> textDocument/clangd.fileStatus
I[00:24:19.968] <-- textDocument/definition(44)
I[00:24:19.968] --> reply:textDocument/definition(44) 0 ms
I[00:24:19.968] --> textDocument/clangd.fileStatus
I[00:24:20.168] <-- textDocument/formatting(45)
I[00:24:20.182] --> reply:textDocument/formatting(45) 14 ms
I[00:24:20.224] <-- textDocument/didChange
I[00:24:20.224] --> textDocument/clangd.fileStatus
I[00:24:20.275] Failed to find compilation database for /home/mution/School/Fall 2025 Semester/CSCI 230/Lecture Notes/Exam 1 Lecture Notes [PDF]/Linearsearch.cpp
I[00:24:20.276] ASTWorker building file /home/mution/School/Fall 2025 Semester/CSCI 230/Lecture Notes/Exam 1 Lecture Notes [PDF]/Linearsearch.cpp version 2 with command clangd fallback
[/home/mution/School/Fall 2025 Semester/CSCI 230/Lecture Notes/Exam 1 Lecture Notes [PDF]]
/usr/bin/clang -resource-dir=/home/mution/.vscode-oss/extensions/kylinideteam.kylin-clangd-0.4.0-linux-x64/res/clangd/lib/clang/21 -- "/home/mution/School/Fall 2025 Semester/CSCI 230/Lecture Notes/Exam 1 Lecture Notes [PDF]/Linearsearch.cpp"
I[00:24:20.280] --> textDocument/clangd.fileStatus
I[00:24:20.306] <-- textDocument/inlayHint(46)
I[00:24:20.326] --> textDocument/publishDiagnostics
I[00:24:20.326] --> textDocument/inactiveRegions
I[00:24:20.327] --> reply:textDocument/inlayHint(46) 21 ms
I[00:24:20.327] --> textDocument/clangd.fileStatus
I[00:24:20.385] <-- textDocument/didSave
I[00:24:20.385] File version went from 2 to 2
I[00:24:20.386] --> textDocument/clangd.fileStatus
I[00:24:20.436] Failed to find compilation database for /home/mution/School/Fall 2025 Semester/CSCI 230/Lecture Notes/Exam 1 Lecture Notes [PDF]/Linearsearch.cpp
I[00:24:20.436] ASTWorker building file /home/mution/School/Fall 2025 Semester/CSCI 230/Lecture Notes/Exam 1 Lecture Notes [PDF]/Linearsearch.cpp version 2 with command clangd fallback
[/home/mution/School/Fall 2025 Semester/CSCI 230/Lecture Notes/Exam 1 Lecture Notes [PDF]]
/usr/bin/clang -resource-dir=/home/mution/.vscode-oss/extensions/kylinideteam.kylin-clangd-0.4.0-linux-x64/res/clangd/lib/clang/21 -- "/home/mution/School/Fall 2025 Semester/CSCI 230/Lecture Notes/Exam 1 Lecture Notes [PDF]/Linearsearch.cpp"
I[00:24:20.439] --> textDocument/clangd.fileStatus
I[00:24:20.439] --> textDocument/clangd.fileStatus
I[00:24:20.441] --> textDocument/clangd.fileStatus
I[00:24:20.441] --> textDocument/clangd.fileStatus
I[00:24:20.455] <-- textDocument/foldingRange(47)
I[00:24:20.455] --> reply:textDocument/foldingRange(47) 0 ms
I[00:24:20.497] <-- textDocument/codeAction(48)
I[00:24:20.497] --> reply:textDocument/codeAction(48) 0 ms
I[00:24:20.497] --> textDocument/clangd.fileStatus
I[00:24:20.522] <-- textDocument/semanticTokens/full/delta(49)
I[00:24:20.522] --> reply:textDocument/semanticTokens/full/delta(49) 0 ms
I[00:24:20.523] --> textDocument/clangd.fileStatus
I[00:24:20.612] <-- textDocument/documentSymbol(50)
I[00:24:20.612] --> reply:textDocument/documentSymbol(50) 0 ms
I[00:24:20.612] --> textDocument/clangd.fileStatus
I[00:24:20.703] <-- textDocument/hover(51)
I[00:24:20.704] --> reply:textDocument/hover(51) 0 ms
I[00:24:20.704] --> textDocument/clangd.fileStatus
I[00:24:20.931] <-- textDocument/documentSymbol(52)
I[00:24:20.931] --> reply:textDocument/documentSymbol(52) 0 ms
I[00:24:20.931] --> textDocument/clangd.fileStatus
I[00:24:21.026] <-- textDocument/inlayHint(53)
I[00:24:21.026] --> reply:textDocument/inlayHint(53) 0 ms
I[00:24:21.027] --> textDocument/clangd.fileStatus
I[00:24:21.225] <-- textDocument/documentLink(54)
I[00:24:21.226] --> reply:textDocument/documentLink(54) 0 ms
I[00:24:21.226] --> textDocument/clangd.fileStatus
I[00:24:22.669] <-- textDocument/hover(55)
I[00:24:22.670] --> reply:textDocument/hover(55) 0 ms
I[00:24:22.670] --> textDocument/clangd.fileStatus
I[00:24:23.471] <-- textDocument/inlayHint(56)
I[00:24:23.472] --> reply:textDocument/inlayHint(56) 0 ms
I[00:24:23.472] --> textDocument/clangd.fileStatus
I[00:24:26.933] <-- textDocument/inlayHint(57)
I[00:24:26.933] --> reply:textDocument/inlayHint(57) 0 ms
I[00:24:26.934] --> textDocument/clangd.fileStatus
I[00:24:27.005] <-- textDocument/inlayHint(58)
I[00:24:27.005] --> reply:textDocument/inlayHint(58) 0 ms
I[00:24:27.005] --> textDocument/clangd.fileStatus
I[00:24:27.043] <-- textDocument/inlayHint(59)
I[00:24:27.043] --> reply:textDocument/inlayHint(59) 0 ms
I[00:24:27.044] --> textDocument/clangd.fileStatus
I[00:25:10.890] <-- $/setTrace
I[00:25:10.890] unhandled notification $/setTrace
I[00:27:54.831] <-- $/setTrace
I[00:27:54.831] unhandled notification $/setTrace
I[00:27:58.457] <-- textDocument/codeAction(60)
I[00:27:58.458] --> reply:textDocument/codeAction(60) 0 ms
I[00:27:58.458] --> textDocument/clangd.fileStatus
I[00:27:58.523] <-- textDocument/documentLink(61)
I[00:27:58.523] --> reply:textDocument/documentLink(61) 0 ms
I[00:27:58.524] --> textDocument/clangd.fileStatus
I[00:27:58.560] <-- textDocument/inlayHint(62)
I[00:27:58.560] --> reply:textDocument/inlayHint(62) 0 ms
I[00:27:58.561] --> textDocument/clangd.fileStatus
I[00:27:58.566] <-- textDocument/documentHighlight(63)
I[00:27:58.566] --> reply:textDocument/documentHighlight(63) 0 ms
I[00:27:58.566] --> textDocument/clangd.fileStatus
I[00:27:58.617] <-- textDocument/foldingRange(64)
I[00:27:58.618] --> reply:textDocument/foldingRange(64) 0 ms
I[00:27:58.693] <-- textDocument/semanticTokens/full/delta(65)
I[00:27:58.693] --> reply:textDocument/semanticTokens/full/delta(65) 0 ms
I[00:27:58.693] --> textDocument/clangd.fileStatus
I[00:27:58.713] <-- textDocument/codeAction(66)
I[00:27:58.713] --> reply:textDocument/codeAction(66) 0 ms
I[00:27:58.713] --> textDocument/clangd.fileStatus
I[00:27:58.718] <-- textDocument/documentSymbol(67)
I[00:27:58.718] --> reply:textDocument/documentSymbol(67) 0 ms
I[00:27:58.718] --> textDocument/clangd.fileStatus
I[00:28:00.736] <-- textDocument/formatting(68)
I[00:28:00.738] <-- textDocument/codeAction(69)
I[00:28:00.738] --> reply:textDocument/codeAction(69) 0 ms
I[00:28:00.738] --> textDocument/clangd.fileStatus
I[00:28:00.741] --> reply:textDocument/formatting(68) 5 ms
I[00:28:00.776] <-- textDocument/didSave
I[00:28:00.776] File version went from 2 to 2
I[00:28:00.776] --> textDocument/clangd.fileStatus
I[00:28:00.827] Failed to find compilation database for /home/mution/School/Fall 2025 Semester/CSCI 230/Lecture Notes/Exam 1 Lecture Notes [PDF]/Linearsearch.cpp
I[00:28:00.827] ASTWorker building file /home/mution/School/Fall 2025 Semester/CSCI 230/Lecture Notes/Exam 1 Lecture Notes [PDF]/Linearsearch.cpp version 2 with command clangd fallback
[/home/mution/School/Fall 2025 Semester/CSCI 230/Lecture Notes/Exam 1 Lecture Notes [PDF]]
/usr/bin/clang -resource-dir=/home/mution/.vscode-oss/extensions/kylinideteam.kylin-clangd-0.4.0-linux-x64/res/clangd/lib/clang/21 -- "/home/mution/School/Fall 2025 Semester/CSCI 230/Lecture Notes/Exam 1 Lecture Notes [PDF]/Linearsearch.cpp"
I[00:28:00.831] --> textDocument/clangd.fileStatus
I[00:28:00.832] --> textDocument/clangd.fileStatus
I[00:28:00.834] --> textDocument/clangd.fileStatus
I[00:28:00.835] --> textDocument/clangd.fileStatus
I[00:28:00.888] <-- textDocument/definition(70)
I[00:28:00.889] --> reply:textDocument/definition(70) 0 ms
I[00:28:00.889] --> textDocument/clangd.fileStatus
I[00:28:17.344] <-- textDocument/inlayHint(71)
I[00:28:17.345] --> reply:textDocument/inlayHint(71) 1 ms
I[00:28:17.345] --> textDocument/clangd.fileStatus
I[00:28:29.438] <-- textDocument/didClose
I[00:28:29.438] --> textDocument/publishDiagnostics
I[00:28:33.610] <-- textDocument/didOpen
I[00:28:33.611] Failed to find compilation database for /home/mution/School/Fall 2025 Semester/CSCI 230/Lecture Notes/Exam 1 Lecture Notes [PDF]/Linear Search.cpp
I[00:28:33.611] ASTWorker building file /home/mution/School/Fall 2025 Semester/CSCI 230/Lecture Notes/Exam 1 Lecture Notes [PDF]/Linear Search.cpp version 1 with command clangd fallback
[/home/mution/School/Fall 2025 Semester/CSCI 230/Lecture Notes/Exam 1 Lecture Notes [PDF]]
/usr/bin/clang -resource-dir=/home/mution/.vscode-oss/extensions/kylinideteam.kylin-clangd-0.4.0-linux-x64/res/clangd/lib/clang/21 -- "/home/mution/School/Fall 2025 Semester/CSCI 230/Lecture Notes/Exam 1 Lecture Notes [PDF]/Linear Search.cpp"
I[00:28:33.613] --> textDocument/clangd.fileStatus
I[00:28:33.658] <-- textDocument/codeAction(72)
I[00:28:33.658] <-- textDocument/documentSymbol(73)
I[00:28:33.766] <-- $/cancelRequest
I[00:28:33.766] <-- textDocument/documentSymbol(74)
I[00:28:33.802] <-- textDocument/semanticTokens/full(75)
I[00:28:33.803] <-- textDocument/documentLink(76)
I[00:28:33.812] <-- textDocument/inlayHint(77)
I[00:28:33.867] <-- textDocument/foldingRange(78)
I[00:28:33.867] --> reply:textDocument/foldingRange(78) 0 ms
I[00:28:33.899] <-- $/cancelRequest
I[00:28:33.934] <-- textDocument/documentSymbol(79)
I[00:28:34.262] Built preamble of size 3968932 for file /home/mution/School/Fall 2025 Semester/CSCI 230/Lecture Notes/Exam 1 Lecture Notes [PDF]/Linear Search.cpp version 1 in 0.65 seconds
I[00:28:34.262] --> workspace/semanticTokens/refresh(1)
I[00:28:34.262] --> textDocument/clangd.fileStatus
I[00:28:34.262] --> textDocument/clangd.fileStatus
I[00:28:34.264] <-- reply(1)
I[00:28:34.278] --> textDocument/publishDiagnostics
I[00:28:34.278] --> textDocument/inactiveRegions
I[00:28:34.278] --> reply:textDocument/codeAction(72) 619 ms, error: Task was cancelled.
I[00:28:34.278] --> reply:textDocument/documentSymbol(73) 619 ms, error: Task was cancelled.
I[00:28:34.278] --> reply:textDocument/documentSymbol(74) 511 ms
I[00:28:34.278] --> reply:textDocument/semanticTokens/full(75) 476 ms
I[00:28:34.278] --> reply:textDocument/documentLink(76) 475 ms
I[00:28:34.279] --> reply:textDocument/inlayHint(77) 466 ms
I[00:28:34.279] --> reply:textDocument/documentSymbol(79) 344 ms
I[00:28:34.279] --> textDocument/clangd.fileStatus
[Error - 12:28:34 AM] Request textDocument/codeAction failed.
[object Object]
[Error - 12:28:34 AM] Request textDocument/documentSymbol failed.
[object Object]
I[00:28:34.801] <-- textDocument/semanticTokens/full/delta(80)
I[00:28:34.802] --> reply:textDocument/semanticTokens/full/delta(80) 0 ms
I[00:28:34.802] --> textDocument/clangd.fileStatus
I[00:28:42.873] <-- textDocument/hover(81)
I[00:28:42.876] --> reply:textDocument/hover(81) 2 ms
I[00:28:42.876] --> textDocument/clangd.fileStatus
I[00:28:50.149] <-- textDocument/documentHighlight(82)
I[00:28:50.149] --> reply:textDocument/documentHighlight(82) 0 ms
I[00:28:50.150] --> textDocument/clangd.fileStatus
I[00:28:50.246] <-- textDocument/definition(83)
I[00:28:50.246] --> reply:textDocument/definition(83) 0 ms
I[00:28:50.246] --> textDocument/clangd.fileStatus
I[00:28:50.347] <-- textDocument/codeAction(84)
I[00:28:50.347] --> reply:textDocument/codeAction(84) 0 ms
I[00:28:50.348] --> textDocument/clangd.fileStatus
I[00:28:50.605] <-- textDocument/codeAction(85)
I[00:28:50.605] --> reply:textDocument/codeAction(85) 0 ms
I[00:28:50.606] --> textDocument/clangd.fileStatus
I[00:28:54.024] <-- textDocument/inlayHint(86)
I[00:28:54.024] --> reply:textDocument/inlayHint(86) 0 ms
I[00:28:54.024] --> textDocument/clangd.fileStatus
I[00:29:46.195] <-- textDocument/hover(87)
I[00:29:46.196] --> reply:textDocument/hover(87) 0 ms
I[00:29:46.196] --> textDocument/clangd.fileStatus
I[00:29:47.594] <-- textDocument/documentHighlight(88)
I[00:29:47.594] --> reply:textDocument/documentHighlight(88) 0 ms
I[00:29:47.594] --> textDocument/clangd.fileStatus
I[00:29:47.794] <-- textDocument/codeAction(89)
I[00:29:47.794] --> reply:textDocument/codeAction(89) 0 ms
I[00:29:47.794] --> textDocument/clangd.fileStatus
I[00:29:47.794] <-- textDocument/inlayHint(90)
I[00:29:47.794] --> reply:textDocument/inlayHint(90) 0 ms
I[00:29:47.794] --> textDocument/clangd.fileStatus
I[00:30:55.414] <-- $/setTrace
I[00:30:55.414] unhandled notification $/setTrace
I[00:31:04.130] <-- textDocument/codeAction(91)
I[00:31:04.131] --> reply:textDocument/codeAction(91) 0 ms
I[00:31:04.131] --> textDocument/clangd.fileStatus
I[00:31:04.199] <-- textDocument/documentLink(92)
I[00:31:04.199] --> reply:textDocument/documentLink(92) 0 ms
I[00:31:04.199] --> textDocument/clangd.fileStatus
I[00:31:04.227] <-- textDocument/documentHighlight(93)
I[00:31:04.227] --> reply:textDocument/documentHighlight(93) 0 ms
I[00:31:04.227] --> textDocument/clangd.fileStatus
I[00:31:04.293] <-- textDocument/foldingRange(94)
I[00:31:04.294] --> reply:textDocument/foldingRange(94) 0 ms
I[00:31:04.306] <-- textDocument/inlayHint(95)
I[00:31:04.306] --> reply:textDocument/inlayHint(95) 0 ms
I[00:31:04.306] --> textDocument/clangd.fileStatus
I[00:31:04.386] <-- textDocument/semanticTokens/full/delta(96)
I[00:31:04.386] --> reply:textDocument/semanticTokens/full/delta(96) 0 ms
I[00:31:04.386] --> textDocument/clangd.fileStatus
I[00:31:04.387] <-- textDocument/codeAction(97)
I[00:31:04.388] --> reply:textDocument/codeAction(97) 0 ms
I[00:31:04.388] --> textDocument/clangd.fileStatus
I[00:31:04.430] <-- textDocument/documentSymbol(98)
I[00:31:04.430] --> reply:textDocument/documentSymbol(98) 0 ms
I[00:31:04.431] --> textDocument/clangd.fileStatus
I[00:31:05.007] <-- textDocument/hover(99)
I[00:31:05.008] --> reply:textDocument/hover(99) 0 ms
I[00:31:05.008] --> textDocument/clangd.fileStatus
