2025-10-08 13:35:57.832 [info] Extension host with pid 9032 started
2025-10-08 13:35:57.832 [info] Skipping acquiring lock for /home/mution/.config/Code - OSS/User/workspaceStorage/74f20b5cf61fc6443644f6d0c92fc9f1.
2025-10-08 13:35:58.061 [info] ExtensionService#_doActivateExtension vscode.emmet, startup: false, activationEvent: 'onLanguage'
2025-10-08 13:35:58.107 [info] ExtensionService#_doActivateExtension vadimcn.vscode-lldb, startup: false, activationEvent: 'onLanguage:cpp', root cause: franneck94.c-cpp-runner
2025-10-08 13:35:58.136 [info] ExtensionService#_doActivateExtension KylinIdeTeam.cppdebug, startup: false, activationEvent: 'onLanguage:cpp'
2025-10-08 13:35:58.155 [info] ExtensionService#_doActivateExtension KylinIdeTeam.kylin-clangd, startup: false, activationEvent: 'onLanguage:cpp'
2025-10-08 13:35:58.393 [info] ExtensionService#_doActivateExtension franneck94.c-cpp-runner, startup: false, activationEvent: 'onLanguage:cpp'
2025-10-08 13:35:58.407 [info] ExtensionService#_doActivateExtension KylinIdeTeam.kylin-cmake-tools, startup: false, activationEvent: 'api', root cause: KylinIdeTeam.kylin-clangd
2025-10-08 13:35:58.793 [info] ExtensionService#_doActivateExtension vscode.terminal-suggest, startup: false, activationEvent: 'onTerminalShellIntegration:*'
2025-10-08 13:35:58.913 [info] ExtensionService#_doActivateExtension vscode.git-base, startup: true, activationEvent: '*', root cause: vscode.git
2025-10-08 13:35:58.956 [info] ExtensionService#_doActivateExtension vscode.git, startup: true, activationEvent: '*'
2025-10-08 13:35:59.020 [info] ExtensionService#_doActivateExtension vscode.github, startup: true, activationEvent: '*'
2025-10-08 13:35:59.280 [info] Eager extensions activated
2025-10-08 13:35:59.319 [info] ExtensionService#_doActivateExtension vscode.debug-auto-launch, startup: false, activationEvent: 'onStartupFinished'
2025-10-08 13:35:59.322 [info] ExtensionService#_doActivateExtension vscode.merge-conflict, startup: false, activationEvent: 'onStartupFinished'
2025-10-08 13:35:59.346 [info] ExtensionService#_doActivateExtension formulahendry.code-runner, startup: false, activationEvent: 'onStartupFinished'
2025-10-08 13:36:00.076 [error] [KylinIdeTeam.kylin-clangd] provider FAILED
2025-10-08 13:36:00.076 [error] {"a":true,"b":null}
2025-10-08 13:36:13.611 [info] Extension host terminating: renderer closed the MessagePort
2025-10-08 13:36:13.637 [info] Extension host with pid 9032 exiting with code 0
2025-10-08 13:36:15.046 [info] Extension host with pid 9242 started
2025-10-08 13:36:15.046 [info] Skipping acquiring lock for /home/mution/.config/Code - OSS/User/workspaceStorage/17508a2594a05f5f09db759f19227c78.
2025-10-08 13:36:15.071 [info] ExtensionService#_doActivateExtension vscode.git-base, startup: true, activationEvent: '*', root cause: vscode.git
2025-10-08 13:36:15.109 [info] ExtensionService#_doActivateExtension vscode.git, startup: true, activationEvent: '*'
2025-10-08 13:36:15.167 [info] ExtensionService#_doActivateExtension vscode.github, startup: true, activationEvent: '*'
2025-10-08 13:36:15.180 [info] ExtensionService#_doActivateExtension vadimcn.vscode-lldb, startup: true, activationEvent: 'workspaceContains:*.h,*.c,*.hh,*.cc,*.hxx,*.cxx,*.hpp,*.cpp,*.cu', root cause: franneck94.c-cpp-runner
2025-10-08 13:36:15.255 [info] ExtensionService#_doActivateExtension franneck94.c-cpp-runner, startup: true, activationEvent: 'workspaceContains:*.h,*.c,*.hh,*.cc,*.hxx,*.cxx,*.hpp,*.cpp,*.cu'
2025-10-08 13:36:15.335 [info] Eager extensions activated
2025-10-08 13:36:15.336 [info] ExtensionService#_doActivateExtension vscode.debug-auto-launch, startup: false, activationEvent: 'onStartupFinished'
2025-10-08 13:36:15.339 [info] ExtensionService#_doActivateExtension vscode.merge-conflict, startup: false, activationEvent: 'onStartupFinished'
2025-10-08 13:36:15.361 [info] ExtensionService#_doActivateExtension formulahendry.code-runner, startup: false, activationEvent: 'onStartupFinished'
2025-10-08 13:36:17.350 [info] ExtensionService#_doActivateExtension KylinIdeTeam.cppdebug, startup: false, activationEvent: 'onLanguage:cpp'
2025-10-08 13:36:17.363 [info] ExtensionService#_doActivateExtension KylinIdeTeam.kylin-clangd, startup: false, activationEvent: 'onLanguage:cpp'
2025-10-08 13:36:17.499 [info] ExtensionService#_doActivateExtension vscode.emmet, startup: false, activationEvent: 'onLanguage'
2025-10-08 13:36:17.717 [info] ExtensionService#_doActivateExtension KylinIdeTeam.kylin-cmake-tools, startup: false, activationEvent: 'api', root cause: KylinIdeTeam.kylin-clangd
2025-10-08 13:36:24.001 [error] [KylinIdeTeam.kylin-clangd] provider FAILED
2025-10-08 13:36:24.001 [error] {"a":true,"b":null}
2025-10-08 13:36:32.267 [info] Extension host terminating: renderer closed the MessagePort
2025-10-08 13:36:32.286 [info] Extension host with pid 9242 exiting with code 0
2025-10-08 13:36:33.641 [info] Extension host with pid 9389 started
2025-10-08 13:36:33.641 [info] Skipping acquiring lock for /home/mution/.config/Code - OSS/User/workspaceStorage/85b783106b8bb1324c4b7f7b2d6c5cca.
2025-10-08 13:36:33.657 [info] ExtensionService#_doActivateExtension vscode.git-base, startup: true, activationEvent: '*', root cause: vscode.git
2025-10-08 13:36:33.685 [info] ExtensionService#_doActivateExtension vscode.git, startup: true, activationEvent: '*'
2025-10-08 13:36:33.745 [info] ExtensionService#_doActivateExtension vscode.github, startup: true, activationEvent: '*'
2025-10-08 13:36:33.754 [info] ExtensionService#_doActivateExtension vadimcn.vscode-lldb, startup: true, activationEvent: 'workspaceContains:*.h,*.c,*.hh,*.cc,*.hxx,*.cxx,*.hpp,*.cpp,*.cu', root cause: franneck94.c-cpp-runner
2025-10-08 13:36:33.828 [info] ExtensionService#_doActivateExtension franneck94.c-cpp-runner, startup: true, activationEvent: 'workspaceContains:*.h,*.c,*.hh,*.cc,*.hxx,*.cxx,*.hpp,*.cpp,*.cu'
2025-10-08 13:36:33.909 [info] Eager extensions activated
2025-10-08 13:36:33.913 [info] ExtensionService#_doActivateExtension vscode.debug-auto-launch, startup: false, activationEvent: 'onStartupFinished'
2025-10-08 13:36:33.916 [info] ExtensionService#_doActivateExtension vscode.merge-conflict, startup: false, activationEvent: 'onStartupFinished'
2025-10-08 13:36:33.943 [info] ExtensionService#_doActivateExtension formulahendry.code-runner, startup: false, activationEvent: 'onStartupFinished'
2025-10-08 13:36:34.255 [info] ExtensionService#_doActivateExtension KylinIdeTeam.cppdebug, startup: false, activationEvent: 'onLanguage:cpp'
2025-10-08 13:36:34.266 [info] ExtensionService#_doActivateExtension KylinIdeTeam.kylin-clangd, startup: false, activationEvent: 'onLanguage:cpp'
2025-10-08 13:36:34.379 [info] ExtensionService#_doActivateExtension vscode.emmet, startup: false, activationEvent: 'onLanguage'
2025-10-08 13:36:34.607 [info] ExtensionService#_doActivateExtension KylinIdeTeam.kylin-cmake-tools, startup: false, activationEvent: 'api', root cause: KylinIdeTeam.kylin-clangd
2025-10-08 13:36:45.618 [error] [KylinIdeTeam.kylin-clangd] provider FAILED
2025-10-08 13:36:45.618 [error] {"a":true,"b":null}
2025-10-08 13:36:48.140 [error] [KylinIdeTeam.kylin-clangd] provider FAILED
2025-10-08 13:36:48.140 [error] {"a":true,"b":null}
2025-10-08 13:36:57.120 [info] Extension host terminating: renderer closed the MessagePort
2025-10-08 13:36:57.139 [info] Extension host with pid 9389 exiting with code 0
2025-10-08 13:36:58.468 [info] Extension host with pid 9527 started
2025-10-08 13:36:58.468 [info] Skipping acquiring lock for /home/mution/.config/Code - OSS/User/workspaceStorage/8b2c4318ad7f6f9e4930181a3a21a50c.
2025-10-08 13:36:58.729 [info] ExtensionService#_doActivateExtension vscode.emmet, startup: false, activationEvent: 'onLanguage'
2025-10-08 13:36:58.766 [info] ExtensionService#_doActivateExtension vadimcn.vscode-lldb, startup: false, activationEvent: 'onLanguage:cpp', root cause: franneck94.c-cpp-runner
2025-10-08 13:36:58.789 [info] ExtensionService#_doActivateExtension KylinIdeTeam.cppdebug, startup: false, activationEvent: 'onLanguage:cpp'
2025-10-08 13:36:58.801 [info] ExtensionService#_doActivateExtension KylinIdeTeam.kylin-clangd, startup: false, activationEvent: 'onLanguage:cpp'
2025-10-08 13:36:58.985 [info] ExtensionService#_doActivateExtension vscode.terminal-suggest, startup: false, activationEvent: 'onTerminalShellIntegration:*'
2025-10-08 13:36:59.073 [info] ExtensionService#_doActivateExtension franneck94.c-cpp-runner, startup: false, activationEvent: 'onLanguage:cpp'
2025-10-08 13:36:59.081 [info] ExtensionService#_doActivateExtension KylinIdeTeam.kylin-cmake-tools, startup: false, activationEvent: 'api', root cause: KylinIdeTeam.kylin-clangd
2025-10-08 13:36:59.555 [info] ExtensionService#_doActivateExtension vscode.git-base, startup: true, activationEvent: '*', root cause: vscode.git
2025-10-08 13:36:59.579 [info] ExtensionService#_doActivateExtension vscode.git, startup: true, activationEvent: '*'
2025-10-08 13:36:59.644 [info] ExtensionService#_doActivateExtension vscode.github, startup: true, activationEvent: '*'
2025-10-08 13:36:59.822 [info] Eager extensions activated
2025-10-08 13:36:59.838 [info] ExtensionService#_doActivateExtension vscode.debug-auto-launch, startup: false, activationEvent: 'onStartupFinished'
2025-10-08 13:36:59.840 [info] ExtensionService#_doActivateExtension vscode.merge-conflict, startup: false, activationEvent: 'onStartupFinished'
2025-10-08 13:36:59.860 [info] ExtensionService#_doActivateExtension formulahendry.code-runner, startup: false, activationEvent: 'onStartupFinished'
2025-10-08 13:37:01.133 [error] [KylinIdeTeam.kylin-clangd] provider FAILED
2025-10-08 13:37:01.133 [error] {"a":true,"b":null}
2025-10-08 13:37:13.914 [error] [KylinIdeTeam.kylin-clangd] provider FAILED
2025-10-08 13:37:13.914 [error] {"a":true,"b":null}
2025-10-08 13:37:20.591 [info] Extension host terminating: renderer closed the MessagePort
2025-10-08 13:37:20.605 [info] Extension host with pid 9527 exiting with code 0
2025-10-08 13:37:22.006 [info] Extension host with pid 9713 started
2025-10-08 13:37:22.006 [info] Skipping acquiring lock for /home/mution/.config/Code - OSS/User/workspaceStorage/494f8381ecf193d81e0a87991e2f17ac.
2025-10-08 13:37:22.021 [info] ExtensionService#_doActivateExtension vscode.git-base, startup: true, activationEvent: '*', root cause: vscode.git
2025-10-08 13:37:22.049 [info] ExtensionService#_doActivateExtension vscode.git, startup: true, activationEvent: '*'
2025-10-08 13:37:22.100 [info] ExtensionService#_doActivateExtension vscode.github, startup: true, activationEvent: '*'
2025-10-08 13:37:22.109 [info] ExtensionService#_doActivateExtension vadimcn.vscode-lldb, startup: true, activationEvent: 'workspaceContains:*.h,*.c,*.hh,*.cc,*.hxx,*.cxx,*.hpp,*.cpp,*.cu', root cause: franneck94.c-cpp-runner
2025-10-08 13:37:22.181 [info] ExtensionService#_doActivateExtension franneck94.c-cpp-runner, startup: true, activationEvent: 'workspaceContains:*.h,*.c,*.hh,*.cc,*.hxx,*.cxx,*.hpp,*.cpp,*.cu'
2025-10-08 13:37:22.253 [info] Eager extensions activated
2025-10-08 13:37:22.256 [info] ExtensionService#_doActivateExtension vscode.debug-auto-launch, startup: false, activationEvent: 'onStartupFinished'
2025-10-08 13:37:22.260 [info] ExtensionService#_doActivateExtension vscode.merge-conflict, startup: false, activationEvent: 'onStartupFinished'
2025-10-08 13:37:22.283 [info] ExtensionService#_doActivateExtension formulahendry.code-runner, startup: false, activationEvent: 'onStartupFinished'
2025-10-08 13:37:23.881 [info] ExtensionService#_doActivateExtension KylinIdeTeam.cppdebug, startup: false, activationEvent: 'onLanguage:cpp'
2025-10-08 13:37:23.898 [info] ExtensionService#_doActivateExtension KylinIdeTeam.kylin-clangd, startup: false, activationEvent: 'onLanguage:cpp'
2025-10-08 13:37:24.042 [info] ExtensionService#_doActivateExtension vscode.emmet, startup: false, activationEvent: 'onLanguage'
2025-10-08 13:37:24.167 [info] ExtensionService#_doActivateExtension KylinIdeTeam.kylin-cmake-tools, startup: false, activationEvent: 'api', root cause: KylinIdeTeam.kylin-clangd
