[2025-Jul-13 20:57:16.340 -07:00][117525:117525][info ] Logging initialized
[2025-Jul-13 20:57:16.340 -07:00][117525:117525][info ] Initializing krisp SDK...
[2025-Jul-13 20:57:16.340 -07:00][117525:117525][info ] DoKrispInitialize
[2025-Jul-13 20:57:16.971 -07:00][117525:117525][info ] LoadDynamicKrisp
[2025-Jul-13 20:57:16.971 -07:00][117525:117525][info ] Did not find KRISP_DYLIB_PATH, skipping dynamic loading
[2025-Jul-13 20:57:16.971 -07:00][117525:117525][info ] Initializing Krisp SDK in PID 117525, addr 0x7f1501b8d8e0
[2025-Jul-13 20:57:17.369 -07:00][117525:117525][info ] Initialized Krisp SDK successfully
[2025-Jul-13 20:57:17.369 -07:00][117525:117525][info ] Krisp SDK initialized
[2025-Jul-13 20:57:54.423 -07:00][117525:117525][info ] KrispNCSetModel: model = 
[2025-Jul-13 21:33:09.868 -07:00][120281:120281][info ] Logging initialized
[2025-Jul-13 21:33:09.868 -07:00][120281:120281][info ] Initializing krisp SDK...
[2025-Jul-13 21:33:09.868 -07:00][120281:120281][info ] DoKrispInitialize
[2025-Jul-13 21:33:10.340 -07:00][120281:120281][info ] LoadDynamicKrisp
[2025-Jul-13 21:33:10.340 -07:00][120281:120281][info ] Did not find KRISP_DYLIB_PATH, skipping dynamic loading
[2025-Jul-13 21:33:10.340 -07:00][120281:120281][info ] Initializing Krisp SDK in PID 120281, addr 0x7f5f2bf8d8e0
[2025-Jul-13 21:33:10.586 -07:00][120281:120281][info ] Initialized Krisp SDK successfully
[2025-Jul-13 21:33:10.586 -07:00][120281:120281][info ] Krisp SDK initialized
[2025-Jul-13 21:33:13.655 -07:00][120281:120281][info ] Logging initialized
[2025-Jul-13 21:33:13.655 -07:00][120281:120281][info ] Initializing krisp SDK...
[2025-Jul-13 21:33:13.655 -07:00][120281:120281][info ] Krisp SDK initialized
[2025-Jul-13 21:33:20.265 -07:00][120281:120281][info ] KrispNCSetModel: model = 
[2025-Jul-13 23:04:10.306 -07:00][125471:125471][info ] Logging initialized
[2025-Jul-13 23:04:10.306 -07:00][125471:125471][info ] Initializing krisp SDK...
[2025-Jul-13 23:04:10.306 -07:00][125471:125471][info ] DoKrispInitialize
[2025-Jul-13 23:04:10.781 -07:00][125471:125471][info ] LoadDynamicKrisp
[2025-Jul-13 23:04:10.781 -07:00][125471:125471][info ] Did not find KRISP_DYLIB_PATH, skipping dynamic loading
[2025-Jul-13 23:04:10.781 -07:00][125471:125471][info ] Initializing Krisp SDK in PID 125471, addr 0x7f9a2e98d8e0
[2025-Jul-13 23:04:11.024 -07:00][125471:125471][info ] Initialized Krisp SDK successfully
[2025-Jul-13 23:04:11.024 -07:00][125471:125471][info ] Krisp SDK initialized
[2025-Jul-13 23:04:17.462 -07:00][125471:125471][info ] KrispNCSetModel: model = 
[2025-Jul-14 23:55:37.111 -07:00][44414:44414][info ] Logging initialized
[2025-Jul-14 23:55:37.111 -07:00][44414:44414][info ] Initializing krisp SDK...
[2025-Jul-14 23:55:37.111 -07:00][44414:44414][info ] DoKrispInitialize
[2025-Jul-14 23:55:37.597 -07:00][44414:44414][info ] LoadDynamicKrisp
[2025-Jul-14 23:55:37.597 -07:00][44414:44414][info ] Did not find KRISP_DYLIB_PATH, skipping dynamic loading
[2025-Jul-14 23:55:37.597 -07:00][44414:44414][info ] Initializing Krisp SDK in PID 44414, addr 0x7fa88c58dc20
[2025-Jul-14 23:55:37.842 -07:00][44414:44414][info ] Initialized Krisp SDK successfully
[2025-Jul-14 23:55:37.842 -07:00][44414:44414][info ] Krisp SDK initialized
[2025-Jul-14 23:55:40.419 -07:00][44414:44414][info ] KrispNCSetModel: model = 
[2025-Jul-14 23:58:09.450 -07:00][44414:44414][info ] KrispNCSetModel: model = 
[2025-Jul-15 01:04:29.444 -07:00][51726:51726][info ] Logging initialized
[2025-Jul-15 01:04:29.444 -07:00][51726:51726][info ] Initializing krisp SDK...
[2025-Jul-15 01:04:29.444 -07:00][51726:51726][info ] DoKrispInitialize
[2025-Jul-15 01:04:29.935 -07:00][51726:51726][info ] LoadDynamicKrisp
[2025-Jul-15 01:04:29.935 -07:00][51726:51726][info ] Did not find KRISP_DYLIB_PATH, skipping dynamic loading
[2025-Jul-15 01:04:29.935 -07:00][51726:51726][info ] Initializing Krisp SDK in PID 51726, addr 0x7fd7ced8dc20
[2025-Jul-15 01:04:30.183 -07:00][51726:51726][info ] Initialized Krisp SDK successfully
[2025-Jul-15 01:04:30.183 -07:00][51726:51726][info ] Krisp SDK initialized
[2025-Jul-15 01:04:35.518 -07:00][51726:51726][info ] KrispNCSetModel: model = 
[2025-Jul-16 00:06:03.614 -07:00][15367:15367][info ] Logging initialized
[2025-Jul-16 00:06:03.614 -07:00][15367:15367][info ] Initializing krisp SDK...
[2025-Jul-16 00:06:03.614 -07:00][15367:15367][info ] DoKrispInitialize
[2025-Jul-16 00:06:03.936 -07:00][15367:15367][info ] LoadDynamicKrisp
[2025-Jul-16 00:06:03.936 -07:00][15367:15367][info ] Did not find KRISP_DYLIB_PATH, skipping dynamic loading
[2025-Jul-16 00:06:03.936 -07:00][15367:15367][info ] Initializing Krisp SDK in PID 15367, addr 0x7f3471f8dc20
[2025-Jul-16 00:06:04.117 -07:00][15367:15367][info ] Initialized Krisp SDK successfully
[2025-Jul-16 00:06:04.117 -07:00][15367:15367][info ] Krisp SDK initialized
[2025-Jul-16 00:06:08.159 -07:00][15367:15367][info ] KrispNCSetModel: model = 
[2025-Jul-16 20:31:54.342 -07:00][110665:110665][info ] Logging initialized
[2025-Jul-16 20:31:54.342 -07:00][110665:110665][info ] Initializing krisp SDK...
[2025-Jul-16 20:31:54.342 -07:00][110665:110665][info ] DoKrispInitialize
[2025-Jul-16 20:31:54.680 -07:00][110665:110665][info ] LoadDynamicKrisp
[2025-Jul-16 20:31:54.680 -07:00][110665:110665][info ] Did not find KRISP_DYLIB_PATH, skipping dynamic loading
[2025-Jul-16 20:31:54.680 -07:00][110665:110665][info ] Initializing Krisp SDK in PID 110665, addr 0x7fc58a98dc20
[2025-Jul-16 20:31:54.860 -07:00][110665:110665][info ] Initialized Krisp SDK successfully
[2025-Jul-16 20:31:54.860 -07:00][110665:110665][info ] Krisp SDK initialized
[2025-Jul-16 20:31:59.079 -07:00][110665:110665][info ] KrispNCSetModel: model = 
[2025-Jul-17 12:16:34.447 -07:00][91099:91099][info ] Logging initialized
[2025-Jul-17 12:16:34.447 -07:00][91099:91099][info ] Initializing krisp SDK...
[2025-Jul-17 12:16:34.447 -07:00][91099:91099][info ] DoKrispInitialize
[2025-Jul-17 12:16:35.026 -07:00][91099:91099][info ] LoadDynamicKrisp
[2025-Jul-17 12:16:35.026 -07:00][91099:91099][info ] Did not find KRISP_DYLIB_PATH, skipping dynamic loading
[2025-Jul-17 12:16:35.026 -07:00][91099:91099][info ] Initializing Krisp SDK in PID 91099, addr 0x7f4ccc78dc20
[2025-Jul-17 12:16:35.315 -07:00][91099:91099][info ] Initialized Krisp SDK successfully
[2025-Jul-17 12:16:35.315 -07:00][91099:91099][info ] Krisp SDK initialized
[2025-Jul-17 12:16:41.693 -07:00][91099:91099][info ] KrispNCSetModel: model = 
[2025-Jul-17 12:49:51.535 -07:00][91099:91099][info ] KrispNCSetModel: model = 
