10/10/2025, 10:21:52 PM CDT [Modules] Modules initializing
10/10/2025, 10:21:52 PM CDT [Modules] Distribution: remote
10/10/2025, 10:21:52 PM CDT [Modules] Host updates: enabled
10/10/2025, 10:21:52 PM CDT [Modules] Module updates: enabled
10/10/2025, 10:21:52 PM CDT [Modules] Module install path: /home/mution/.config/discord/0.0.110/modules
10/10/2025, 10:21:52 PM CDT [Modules] Module installed file path: /home/mution/.config/discord/0.0.110/modules/installed.json
10/10/2025, 10:21:52 PM CDT [Modules] Module download path: /home/mution/.config/discord/0.0.110/modules/pending
10/10/2025, 10:21:52 PM CDT [Modules] Bootstrapping...
10/10/2025, 10:21:52 PM CDT [Modules] Installing discord_desktop_core@0 from /opt/discord/resources/bootstrap/discord_desktop_core.zip
10/10/2025, 10:21:52 PM CDT [Modules] Failed installing discord_desktop_core@0: Error: ENOENT: no such file or directory, open '/opt/discord/resources/bootstrap/discord_desktop_core.zip'
10/10/2025, 10:21:52 PM CDT [Modules] Installing discord_erlpack@0 from /opt/discord/resources/bootstrap/discord_erlpack.zip
10/10/2025, 10:21:52 PM CDT [Modules] Failed installing discord_erlpack@0: Error: ENOENT: no such file or directory, open '/opt/discord/resources/bootstrap/discord_erlpack.zip'
10/10/2025, 10:21:52 PM CDT [Modules] Installing discord_spellcheck@0 from /opt/discord/resources/bootstrap/discord_spellcheck.zip
10/10/2025, 10:21:52 PM CDT [Modules] Failed installing discord_spellcheck@0: Error: ENOENT: no such file or directory, open '/opt/discord/resources/bootstrap/discord_spellcheck.zip'
10/10/2025, 10:21:52 PM CDT [Modules] Installing discord_utils@0 from /opt/discord/resources/bootstrap/discord_utils.zip
10/10/2025, 10:21:52 PM CDT [Modules] Failed installing discord_utils@0: Error: ENOENT: no such file or directory, open '/opt/discord/resources/bootstrap/discord_utils.zip'
10/10/2025, 10:21:52 PM CDT [Modules] Installing discord_voice@0 from /opt/discord/resources/bootstrap/discord_voice.zip
10/10/2025, 10:21:52 PM CDT [Modules] Failed installing discord_voice@0: Error: ENOENT: no such file or directory, open '/opt/discord/resources/bootstrap/discord_voice.zip'
10/10/2025, 10:21:52 PM CDT [Modules] Installing discord_zstd@0 from /opt/discord/resources/bootstrap/discord_zstd.zip
10/10/2025, 10:21:52 PM CDT [Modules] Failed installing discord_zstd@0: Error: ENOENT: no such file or directory, open '/opt/discord/resources/bootstrap/discord_zstd.zip'
10/10/2025, 10:21:52 PM CDT [Modules] Finished module installations. [success: 0] [failure: 6]
10/10/2025, 10:21:52 PM CDT [Modules] Checking for host updates.
10/10/2025, 10:21:53 PM CDT [Modules] Host update is available. Manual update required!
