I[13:40:44.846] clangd version 21.0.0git (https://github.com/llvm/llvm-project c6cec7bd9cef993b377903b88375e00badcbf11b)
I[13:40:44.846] Features: linux
I[13:40:44.846] PID: 6358
I[13:40:44.846] Working directory: /home/mution/School/Fall 2025 Semester/CSCI 230/Lecture Notes/Exam 1 Lecture Notes [PDF]
I[13:40:44.846] argv[0]: /home/mution/.vscode-oss/extensions/kylinideteam.kylin-clangd-0.4.0-linux-x64/res/clangd/bin/clangd
I[13:40:44.846] argv[1]: --clang-tidy=1
I[13:40:44.848] Starting LSP over stdin/stdout
I[13:40:44.859] <-- initialize(0)
I[13:40:44.867] --> reply:initialize(0) 7 ms
I[13:40:44.891] <-- initialized
I[13:40:44.920] <-- textDocument/didOpen
I[13:40:44.924] --> textDocument/publishDiagnostics
I[13:40:44.925] Failed to find compilation database for /home/mution/School/Fall 2025 Semester/CSCI 230/Lecture Notes/Exam 1 Lecture Notes [PDF]/Linearsearch.cpp
I[13:40:44.925] ASTWorker building file /home/mution/School/Fall 2025 Semester/CSCI 230/Lecture Notes/Exam 1 Lecture Notes [PDF]/Linearsearch.cpp version 1 with command clangd fallback
[/home/mution/School/Fall 2025 Semester/CSCI 230/Lecture Notes/Exam 1 Lecture Notes [PDF]]
/usr/bin/clang -resource-dir=/home/mution/.vscode-oss/extensions/kylinideteam.kylin-clangd-0.4.0-linux-x64/res/clangd/lib/clang/21 -- "/home/mution/School/Fall 2025 Semester/CSCI 230/Lecture Notes/Exam 1 Lecture Notes [PDF]/Linearsearch.cpp"
I[13:40:44.937] <-- textDocument/codeAction(1)
I[13:40:44.939] --> textDocument/clangd.fileStatus
I[13:40:44.960] <-- textDocument/documentLink(2)
I[13:40:44.964] <-- textDocument/inlayHint(3)
I[13:40:44.991] <-- $/cancelRequest
I[13:40:45.009] <-- textDocument/inlayHint(4)
I[13:40:45.038] <-- textDocument/documentSymbol(5)
I[13:40:45.138] <-- textDocument/foldingRange(6)
I[13:40:45.139] --> reply:textDocument/foldingRange(6) 0 ms
I[13:40:45.230] <-- textDocument/documentSymbol(7)
I[13:40:45.485] <-- textDocument/semanticTokens/full(8)
I[13:40:45.876] Built preamble of size 3968932 for file /home/mution/School/Fall 2025 Semester/CSCI 230/Lecture Notes/Exam 1 Lecture Notes [PDF]/Linearsearch.cpp version 1 in 0.94 seconds
I[13:40:45.877] --> workspace/semanticTokens/refresh(0)
I[13:40:45.877] --> textDocument/clangd.fileStatus
I[13:40:45.877] Indexing c++17 standard library in the context of /home/mution/School/Fall 2025 Semester/CSCI 230/Lecture Notes/Exam 1 Lecture Notes [PDF]/Linearsearch.cpp
I[13:40:45.880] <-- reply(0)
I[13:40:45.917] --> textDocument/publishDiagnostics
I[13:40:45.917] --> textDocument/inactiveRegions
I[13:40:45.918] --> reply:textDocument/codeAction(1) 981 ms
I[13:40:45.919] --> reply:textDocument/documentLink(2) 958 ms
I[13:40:45.919] --> reply:textDocument/inlayHint(3) 954 ms, error: Task was cancelled.
I[13:40:45.919] --> reply:textDocument/inlayHint(4) 909 ms
I[13:40:45.919] --> reply:textDocument/documentSymbol(5) 880 ms
I[13:40:45.919] --> reply:textDocument/documentSymbol(7) 688 ms
I[13:40:45.919] --> reply:textDocument/semanticTokens/full(8) 434 ms
I[13:40:45.919] --> textDocument/clangd.fileStatus
[Error - 1:40:45 PM] Request textDocument/inlayHint failed.
[object Object]
I[13:40:46.502] <-- textDocument/semanticTokens/full/delta(9)
I[13:40:46.502] --> reply:textDocument/semanticTokens/full/delta(9) 0 ms
I[13:40:46.502] --> textDocument/clangd.fileStatus
I[13:40:49.564] Indexed c++17 standard library (incomplete due to errors): 14392 symbols, 11464 filtered
