2025-10-08 13:35:59.282 [info] [main] Log level: Info
2025-10-08 13:35:59.282 [info] [main] Validating found git in: "git"
2025-10-08 13:35:59.282 [info] [main] Using git "2.51.0" from "git"
2025-10-08 13:35:59.282 [info] [Model][doInitialScan] Initial repository scan started
2025-10-08 13:35:59.282 [info] > git rev-parse --show-toplevel [8ms]
2025-10-08 13:35:59.282 [info] fatal: not a git repository (or any of the parent directories): .git
2025-10-08 13:35:59.282 [info] > git rev-parse --show-toplevel [13ms]
2025-10-08 13:35:59.282 [info] fatal: not a git repository (or any of the parent directories): .git
2025-10-08 13:35:59.282 [info] > git rev-parse --show-toplevel [3ms]
2025-10-08 13:35:59.282 [info] fatal: not a git repository (or any of the parent directories): .git
2025-10-08 13:35:59.282 [info] [Model][doInitialScan] Initial repository scan completed - repositories (0), closed repositories (0), parent repositories (0), unsafe repositories (0)
2025-10-08 13:35:59.283 [info] > git rev-parse --show-toplevel [10ms]
2025-10-08 13:35:59.283 [info] fatal: not a git repository (or any of the parent directories): .git
2025-10-08 13:35:59.640 [info] > git rev-parse --show-toplevel [2ms]
2025-10-08 13:35:59.640 [info] fatal: not a git repository (or any of the parent directories): .git
2025-10-08 13:36:15.305 [info] [main] Log level: Info
2025-10-08 13:36:15.305 [info] [main] Validating found git in: "git"
2025-10-08 13:36:15.305 [info] [main] Using git "2.51.0" from "git"
2025-10-08 13:36:15.305 [info] [Model][doInitialScan] Initial repository scan started
2025-10-08 13:36:15.305 [info] > git rev-parse --show-toplevel [21ms]
2025-10-08 13:36:15.305 [info] fatal: not a git repository (or any of the parent directories): .git
2025-10-08 13:36:15.317 [info] > git rev-parse --show-toplevel [7ms]
2025-10-08 13:36:15.317 [info] fatal: not a git repository (or any of the parent directories): .git
2025-10-08 13:36:15.318 [info] [Model][doInitialScan] Initial repository scan completed - repositories (0), closed repositories (0), parent repositories (0), unsafe repositories (0)
2025-10-08 13:36:16.771 [info] > git rev-parse --show-toplevel [1ms]
2025-10-08 13:36:16.771 [info] fatal: not a git repository (or any of the parent directories): .git
2025-10-08 13:36:17.302 [info] > git rev-parse --show-toplevel [2ms]
2025-10-08 13:36:17.302 [info] fatal: not a git repository (or any of the parent directories): .git
2025-10-08 13:36:23.642 [info] > git rev-parse --show-toplevel [2ms]
2025-10-08 13:36:23.643 [info] fatal: not a git repository (or any of the parent directories): .git
2025-10-08 13:36:33.882 [info] [main] Log level: Info
2025-10-08 13:36:33.882 [info] [main] Validating found git in: "git"
2025-10-08 13:36:33.882 [info] [main] Using git "2.51.0" from "git"
2025-10-08 13:36:33.882 [info] [Model][doInitialScan] Initial repository scan started
2025-10-08 13:36:33.891 [info] > git rev-parse --show-toplevel [48ms]
2025-10-08 13:36:33.891 [info] fatal: not a git repository (or any of the parent directories): .git
2025-10-08 13:36:33.900 [info] > git rev-parse --show-toplevel [2ms]
2025-10-08 13:36:33.900 [info] fatal: not a git repository (or any of the parent directories): .git
2025-10-08 13:36:33.900 [info] [Model][doInitialScan] Initial repository scan completed - repositories (0), closed repositories (0), parent repositories (0), unsafe repositories (0)
2025-10-08 13:36:34.222 [info] > git rev-parse --show-toplevel [2ms]
2025-10-08 13:36:34.222 [info] fatal: not a git repository (or any of the parent directories): .git
2025-10-08 13:36:35.363 [info] > git rev-parse --show-toplevel [3ms]
2025-10-08 13:36:35.363 [info] fatal: not a git repository (or any of the parent directories): .git
2025-10-08 13:36:39.888 [info] > git rev-parse --show-toplevel [1ms]
2025-10-08 13:36:39.889 [info] fatal: not a git repository (or any of the parent directories): .git
2025-10-08 13:36:45.276 [info] > git rev-parse --show-toplevel [3ms]
2025-10-08 13:36:45.276 [info] fatal: not a git repository (or any of the parent directories): .git
2025-10-08 13:36:47.803 [info] > git rev-parse --show-toplevel [3ms]
2025-10-08 13:36:47.803 [info] fatal: not a git repository (or any of the parent directories): .git
2025-10-08 13:36:59.874 [info] [main] Log level: Info
2025-10-08 13:36:59.874 [info] [main] Validating found git in: "git"
2025-10-08 13:36:59.874 [info] [main] Using git "2.51.0" from "git"
2025-10-08 13:36:59.874 [info] [Model][doInitialScan] Initial repository scan started
2025-10-08 13:36:59.874 [info] > git rev-parse --show-toplevel [12ms]
2025-10-08 13:36:59.874 [info] fatal: not a git repository (or any of the parent directories): .git
2025-10-08 13:36:59.874 [info] > git rev-parse --show-toplevel [1ms]
2025-10-08 13:36:59.874 [info] fatal: not a git repository (or any of the parent directories): .git
2025-10-08 13:36:59.874 [info] > git rev-parse --show-toplevel [5ms]
2025-10-08 13:36:59.874 [info] fatal: not a git repository (or any of the parent directories): .git
2025-10-08 13:36:59.874 [info] [Model][doInitialScan] Initial repository scan completed - repositories (0), closed repositories (0), parent repositories (0), unsafe repositories (0)
2025-10-08 13:37:00.326 [info] > git rev-parse --show-toplevel [2ms]
2025-10-08 13:37:00.326 [info] fatal: not a git repository (or any of the parent directories): .git
2025-10-08 13:37:00.637 [info] > git rev-parse --show-toplevel [2ms]
2025-10-08 13:37:00.637 [info] fatal: not a git repository (or any of the parent directories): .git
2025-10-08 13:37:09.804 [info] > git rev-parse --show-toplevel [2ms]
2025-10-08 13:37:09.804 [info] fatal: not a git repository (or any of the parent directories): .git
2025-10-08 13:37:13.540 [info] > git rev-parse --show-toplevel [1ms]
2025-10-08 13:37:13.541 [info] fatal: not a git repository (or any of the parent directories): .git
2025-10-08 13:37:22.195 [info] [main] Log level: Info
2025-10-08 13:37:22.195 [info] [main] Validating found git in: "git"
2025-10-08 13:37:22.195 [info] [main] Using git "2.51.0" from "git"
2025-10-08 13:37:22.195 [info] [Model][doInitialScan] Initial repository scan started
2025-10-08 13:37:22.197 [info] > git rev-parse --show-toplevel [16ms]
2025-10-08 13:37:22.197 [info] fatal: not a git repository (or any of the parent directories): .git
2025-10-08 13:37:22.244 [info] > git rev-parse --show-toplevel [9ms]
2025-10-08 13:37:22.244 [info] fatal: not a git repository (or any of the parent directories): .git
2025-10-08 13:37:22.245 [info] [Model][doInitialScan] Initial repository scan completed - repositories (0), closed repositories (0), parent repositories (0), unsafe repositories (0)
2025-10-08 13:37:23.740 [info] > git rev-parse --show-toplevel [3ms]
2025-10-08 13:37:23.740 [info] fatal: not a git repository (or any of the parent directories): .git
2025-10-08 13:37:23.837 [info] > git rev-parse --show-toplevel [3ms]
2025-10-08 13:37:23.837 [info] fatal: not a git repository (or any of the parent directories): .git
2025-10-08 13:38:34.260 [info] > git rev-parse --show-toplevel [1ms]
2025-10-08 13:38:34.260 [info] fatal: not a git repository (or any of the parent directories): .git
