2025-07-04 00:16:42.720 [info] Extension host with pid 3123 started
2025-07-04 00:16:42.744 [info] ExtensionService#_doActivateExtension ms-python.python, startup: false, activationEvent: 'onWalkthrough:pythonWelcome'
2025-07-04 00:16:43.042 [info] ExtensionService#_doActivateExtension vscode.git-base, startup: true, activationEvent: '*', root cause: vscode.git
2025-07-04 00:16:43.051 [info] ExtensionService#_doActivateExtension vscode.git, startup: true, activationEvent: '*'
2025-07-04 00:16:43.093 [info] ExtensionService#_doActivateExtension vscode.github, startup: true, activationEvent: '*'
2025-07-04 00:16:43.185 [info] Eager extensions activated
2025-07-04 00:16:43.187 [info] ExtensionService#_doActivateExtension vscode.debug-auto-launch, startup: false, activationEvent: 'onStartupFinished'
2025-07-04 00:16:43.190 [info] ExtensionService#_doActivateExtension vscode.merge-conflict, startup: false, activationEvent: 'onStartupFinished'
2025-07-04 00:16:43.209 [info] ExtensionService#_doActivateExtension formulahendry.code-runner, startup: false, activationEvent: 'onStartupFinished'
2025-07-04 00:16:44.053 [error] Error: Extension 'ms-python.python' CANNOT use API proposal: testObserver.
Its package.json#enabledApiProposals-property declares:  but NOT testObserver.
 The missing proposal MUST be added and you must start in extension development mode or use the following command line switch: --enable-proposed-api ms-python.python
	at L (file:///usr/lib/code/out/vs/workbench/api/node/extensionHostProcess.js:113:29606)
	at get testResults (file:///usr/lib/code/out/vs/workbench/api/node/extensionHostProcess.js:171:99396)
	at C.activate (/home/mution/.vscode-oss/extensions/ms-python.python-2025.4.0-universal/out/client/extension.js:2:908659)
	at /home/mution/.vscode-oss/extensions/ms-python.python-2025.4.0-universal/out/client/extension.js:2:2457
	at Array.map (<anonymous>)
	at v.activateWorkspace (/home/mution/.vscode-oss/extensions/ms-python.python-2025.4.0-universal/out/client/extension.js:2:2447)
2025-07-04 00:17:54.704 [info] Extension host terminating: renderer closed the MessagePort
2025-07-04 00:17:54.714 [info] Extension host with pid 3123 exiting with code 0
2025-07-04 00:17:55.837 [info] Extension host with pid 3291 started
2025-07-04 00:17:55.837 [info] Skipping acquiring lock for /home/mution/.config/Code - OSS/User/workspaceStorage/e48f2e82c265ee9636f5d77ca4ad073a.
2025-07-04 00:17:55.851 [info] ExtensionService#_doActivateExtension vscode.git-base, startup: true, activationEvent: '*'
2025-07-04 00:17:55.856 [info] ExtensionService#_doActivateExtension vscode.github, startup: true, activationEvent: '*'
2025-07-04 00:17:55.907 [info] Eager extensions activated
2025-07-04 00:17:55.908 [info] ExtensionService#_doActivateExtension vscode.debug-auto-launch, startup: false, activationEvent: 'onStartupFinished'
2025-07-04 00:17:55.911 [info] ExtensionService#_doActivateExtension vscode.merge-conflict, startup: false, activationEvent: 'onStartupFinished'
2025-07-04 00:17:58.764 [info] ExtensionService#_doActivateExtension vscode.git, startup: false, activationEvent: 'api', root cause: vscode.github
2025-07-04 00:17:58.820 [info] ExtensionService#_doActivateExtension formulahendry.code-runner, startup: false, activationEvent: 'onStartupFinished'
2025-07-04 00:18:14.422 [info] Extension host terminating: renderer closed the MessagePort
2025-07-04 00:18:14.426 [info] Extension host with pid 3291 exiting with code 0
