2025-10-06 00:20:32.138 [info] Extension host with pid 13584 started
2025-10-06 00:20:32.138 [info] Skipping acquiring lock for /home/mution/.config/Code - OSS/User/workspaceStorage/74f20b5cf61fc6443644f6d0c92fc9f1.
2025-10-06 00:20:32.779 [info] ExtensionService#_doActivateExtension vscode.emmet, startup: false, activationEvent: 'onLanguage'
2025-10-06 00:20:32.825 [info] ExtensionService#_doActivateExtension vadimcn.vscode-lldb, startup: false, activationEvent: 'onLanguage:cpp', root cause: franneck94.c-cpp-runner
2025-10-06 00:20:32.856 [info] ExtensionService#_doActivateExtension KylinIdeTeam.cppdebug, startup: false, activationEvent: 'onLanguage:cpp'
2025-10-06 00:20:32.879 [info] ExtensionService#_doActivateExtension KylinIdeTeam.kylin-clangd, startup: false, activationEvent: 'onLanguage:cpp'
2025-10-06 00:20:33.212 [info] ExtensionService#_doActivateExtension franneck94.c-cpp-runner, startup: false, activationEvent: 'onLanguage:cpp'
2025-10-06 00:20:33.228 [info] ExtensionService#_doActivateExtension KylinIdeTeam.kylin-cmake-tools, startup: false, activationEvent: 'api', root cause: KylinIdeTeam.kylin-clangd
2025-10-06 00:20:33.713 [info] ExtensionService#_doActivateExtension vscode.git-base, startup: true, activationEvent: '*', root cause: vscode.git
2025-10-06 00:20:33.800 [info] ExtensionService#_doActivateExtension vscode.git, startup: true, activationEvent: '*'
2025-10-06 00:20:33.937 [info] ExtensionService#_doActivateExtension vscode.github, startup: true, activationEvent: '*'
2025-10-06 00:20:34.113 [info] ExtensionService#_doActivateExtension formulahendry.code-runner, startup: false, activationEvent: 'onCommand:code-runner.run'
2025-10-06 00:20:34.345 [info] Eager extensions activated
2025-10-06 00:20:34.475 [info] ExtensionService#_doActivateExtension vscode.debug-auto-launch, startup: false, activationEvent: 'onStartupFinished'
2025-10-06 00:20:34.480 [info] ExtensionService#_doActivateExtension vscode.merge-conflict, startup: false, activationEvent: 'onStartupFinished'
2025-10-06 00:21:52.922 [info] ExtensionService#_doActivateExtension vscode.terminal-suggest, startup: false, activationEvent: 'onTerminalShellIntegration:*'
2025-10-06 00:23:08.863 [info] ExtensionService#_doActivateExtension vscode.configuration-editing, startup: false, activationEvent: 'onLanguage:jsonc'
2025-10-06 00:23:08.909 [info] ExtensionService#_doActivateExtension vscode.json-language-features, startup: false, activationEvent: 'onLanguage:jsonc'
2025-10-06 00:23:09.125 [info] ExtensionService#_doActivateExtension vscode.typescript-language-features, startup: false, activationEvent: 'onLanguage:jsonc'
2025-10-06 00:24:29.476 [info] ExtensionService#_doActivateExtension vscode.npm, startup: false, activationEvent: 'onTerminalQuickFixRequest:ms-vscode.npm-command'
2025-10-06 00:28:34.296 [error] [KylinIdeTeam.kylin-clangd] provider FAILED
2025-10-06 00:28:34.296 [error] {"a":true,"b":null}
2025-10-06 00:28:34.296 [error] [KylinIdeTeam.kylin-clangd] provider FAILED
2025-10-06 00:28:34.296 [error] {"a":true,"b":null}
2025-10-06 00:31:05.498 [info] Extension host terminating: renderer closed the MessagePort
2025-10-06 00:31:05.648 [info] Extension host with pid 13584 exiting with code 0
