I[13:36:35.061] clangd version 21.0.0git (https://github.com/llvm/llvm-project c6cec7bd9cef993b377903b88375e00badcbf11b)
I[13:36:35.061] Features: linux
I[13:36:35.061] PID: 9485
I[13:36:35.061] Working directory: /home/mution/School/Fall 2025 Semester/CSCI 230/Projects/Assignment 6/ParkJProject230Assign06-01
I[13:36:35.061] argv[0]: /home/mution/.vscode-oss/extensions/kylinideteam.kylin-clangd-0.4.0-linux-x64/res/clangd/bin/clangd
I[13:36:35.061] argv[1]: --clang-tidy=1
I[13:36:35.061] Starting LSP over stdin/stdout
I[13:36:35.066] <-- initialize(0)
I[13:36:35.066] --> reply:initialize(0) 0 ms
I[13:36:35.071] <-- initialized
I[13:36:35.082] <-- textDocument/didOpen
I[13:36:35.083] --> textDocument/publishDiagnostics
I[13:36:35.083] Failed to find compilation database for /home/mution/School/Fall 2025 Semester/CSCI 230/Projects/Assignment 6/ParkJProject230Assign06-01/Pr8-4.cpp
I[13:36:35.083] ASTWorker building file /home/mution/School/Fall 2025 Semester/CSCI 230/Projects/Assignment 6/ParkJProject230Assign06-01/Pr8-4.cpp version 1 with command clangd fallback
[/home/mution/School/Fall 2025 Semester/CSCI 230/Projects/Assignment 6/ParkJProject230Assign06-01]
/usr/bin/clang -resource-dir=/home/mution/.vscode-oss/extensions/kylinideteam.kylin-clangd-0.4.0-linux-x64/res/clangd/lib/clang/21 -- "/home/mution/School/Fall 2025 Semester/CSCI 230/Projects/Assignment 6/ParkJProject230Assign06-01/Pr8-4.cpp"
I[13:36:35.084] --> textDocument/clangd.fileStatus
I[13:36:35.087] <-- textDocument/codeAction(1)
I[13:36:35.087] <-- textDocument/documentLink(2)
I[13:36:35.087] <-- textDocument/inlayHint(3)
I[13:36:35.280] <-- textDocument/foldingRange(4)
I[13:36:35.280] --> reply:textDocument/foldingRange(4) 0 ms
I[13:36:35.361] <-- $/setTrace
I[13:36:35.361] unhandled notification $/setTrace
I[13:36:35.379] <-- textDocument/documentSymbol(5)
I[13:36:35.383] <-- textDocument/semanticTokens/full(6)
I[13:36:35.408] Built preamble of size 3968960 for file /home/mution/School/Fall 2025 Semester/CSCI 230/Projects/Assignment 6/ParkJProject230Assign06-01/Pr8-4.cpp version 1 in 0.32 seconds
I[13:36:35.408] --> workspace/semanticTokens/refresh(0)
I[13:36:35.408] Indexing c++17 standard library in the context of /home/mution/School/Fall 2025 Semester/CSCI 230/Projects/Assignment 6/ParkJProject230Assign06-01/Pr8-4.cpp
I[13:36:35.410] <-- reply(0)
I[13:36:35.426] --> textDocument/publishDiagnostics
I[13:36:35.426] --> textDocument/inactiveRegions
I[13:36:35.426] --> reply:textDocument/codeAction(1) 339 ms
I[13:36:35.426] --> reply:textDocument/documentLink(2) 339 ms
I[13:36:35.427] --> reply:textDocument/inlayHint(3) 339 ms
I[13:36:35.427] --> reply:textDocument/documentSymbol(5) 47 ms
I[13:36:35.427] --> reply:textDocument/semanticTokens/full(6) 44 ms
I[13:36:35.427] --> textDocument/clangd.fileStatus
I[13:36:35.527] <-- textDocument/documentSymbol(7)
I[13:36:35.527] --> reply:textDocument/documentSymbol(7) 0 ms
I[13:36:35.527] --> textDocument/clangd.fileStatus
I[13:36:35.747] <-- textDocument/semanticTokens/full/delta(8)
I[13:36:35.747] --> reply:textDocument/semanticTokens/full/delta(8) 0 ms
I[13:36:35.747] --> textDocument/clangd.fileStatus
I[13:36:36.211] <-- textDocument/inlayHint(9)
I[13:36:36.211] --> reply:textDocument/inlayHint(9) 0 ms
I[13:36:36.211] --> textDocument/clangd.fileStatus
I[13:36:36.683] <-- textDocument/inlayHint(10)
I[13:36:36.683] --> reply:textDocument/inlayHint(10) 0 ms
I[13:36:36.683] --> textDocument/clangd.fileStatus
I[13:36:37.005] <-- textDocument/inlayHint(11)
I[13:36:37.005] --> reply:textDocument/inlayHint(11) 0 ms
I[13:36:37.005] --> textDocument/clangd.fileStatus
I[13:36:37.822] <-- textDocument/inlayHint(12)
I[13:36:37.822] --> reply:textDocument/inlayHint(12) 0 ms
I[13:36:37.822] --> textDocument/clangd.fileStatus
I[13:36:37.918] Indexed c++17 standard library (incomplete due to errors): 14392 symbols, 11464 filtered
I[13:36:38.704] <-- textDocument/inlayHint(13)
I[13:36:38.704] --> reply:textDocument/inlayHint(13) 0 ms
I[13:36:38.704] --> textDocument/clangd.fileStatus
I[13:36:39.867] <-- textDocument/didClose
I[13:36:39.867] --> textDocument/publishDiagnostics
I[13:36:39.880] <-- textDocument/didOpen
I[13:36:39.880] Failed to find compilation database for /home/mution/School/Fall 2025 Semester/CSCI 230/Projects/Assignment 6/ParkJProject230Assign06-01/Pr8-5.cpp
I[13:36:39.880] ASTWorker building file /home/mution/School/Fall 2025 Semester/CSCI 230/Projects/Assignment 6/ParkJProject230Assign06-01/Pr8-5.cpp version 1 with command clangd fallback
[/home/mution/School/Fall 2025 Semester/CSCI 230/Projects/Assignment 6/ParkJProject230Assign06-01]
/usr/bin/clang -resource-dir=/home/mution/.vscode-oss/extensions/kylinideteam.kylin-clangd-0.4.0-linux-x64/res/clangd/lib/clang/21 -- "/home/mution/School/Fall 2025 Semester/CSCI 230/Projects/Assignment 6/ParkJProject230Assign06-01/Pr8-5.cpp"
I[13:36:39.881] --> textDocument/clangd.fileStatus
I[13:36:39.890] <-- textDocument/codeAction(14)
I[13:36:39.890] <-- textDocument/documentSymbol(15)
I[13:36:39.924] <-- textDocument/semanticTokens/full(16)
I[13:36:39.927] <-- textDocument/inlayHint(17)
I[13:36:39.929] <-- textDocument/documentLink(18)
I[13:36:40.083] <-- textDocument/foldingRange(19)
I[13:36:40.083] --> reply:textDocument/foldingRange(19) 0 ms
I[13:36:40.185] <-- textDocument/documentSymbol(20)
I[13:36:40.209] Built preamble of size 3968964 for file /home/mution/School/Fall 2025 Semester/CSCI 230/Projects/Assignment 6/ParkJProject230Assign06-01/Pr8-5.cpp version 1 in 0.33 seconds
I[13:36:40.210] --> workspace/semanticTokens/refresh(1)
I[13:36:40.210] --> textDocument/clangd.fileStatus
I[13:36:40.211] <-- reply(1)
I[13:36:40.218] --> textDocument/publishDiagnostics
I[13:36:40.218] --> textDocument/inactiveRegions
I[13:36:40.218] --> reply:textDocument/codeAction(14) 328 ms
I[13:36:40.218] --> reply:textDocument/documentSymbol(15) 328 ms
I[13:36:40.218] --> reply:textDocument/semanticTokens/full(16) 294 ms
I[13:36:40.219] --> reply:textDocument/inlayHint(17) 291 ms
I[13:36:40.219] --> reply:textDocument/documentLink(18) 289 ms
I[13:36:40.219] --> reply:textDocument/documentSymbol(20) 34 ms
I[13:36:40.219] --> textDocument/clangd.fileStatus
I[13:36:40.363] <-- textDocument/hover(21)
I[13:36:40.363] --> reply:textDocument/hover(21) 0 ms
I[13:36:40.363] --> textDocument/clangd.fileStatus
I[13:36:40.530] <-- textDocument/semanticTokens/full/delta(22)
I[13:36:40.530] --> reply:textDocument/semanticTokens/full/delta(22) 0 ms
I[13:36:40.530] --> textDocument/clangd.fileStatus
I[13:36:40.748] <-- textDocument/inlayHint(23)
I[13:36:40.749] --> reply:textDocument/inlayHint(23) 0 ms
I[13:36:40.749] --> textDocument/clangd.fileStatus
I[13:36:42.057] <-- textDocument/inlayHint(24)
I[13:36:42.058] --> reply:textDocument/inlayHint(24) 0 ms
I[13:36:42.058] --> textDocument/clangd.fileStatus
I[13:36:42.653] <-- textDocument/inlayHint(25)
I[13:36:42.654] --> reply:textDocument/inlayHint(25) 0 ms
I[13:36:42.654] --> textDocument/clangd.fileStatus
I[13:36:43.563] <-- textDocument/inlayHint(26)
I[13:36:43.564] --> reply:textDocument/inlayHint(26) 0 ms
I[13:36:43.564] --> textDocument/clangd.fileStatus
I[13:36:44.198] <-- textDocument/inlayHint(27)
I[13:36:44.198] --> reply:textDocument/inlayHint(27) 0 ms
I[13:36:44.198] --> textDocument/clangd.fileStatus
I[13:36:45.253] <-- textDocument/didClose
I[13:36:45.253] --> textDocument/publishDiagnostics
I[13:36:45.266] <-- textDocument/didOpen
I[13:36:45.266] Failed to find compilation database for /home/mution/School/Fall 2025 Semester/CSCI 230/Projects/Assignment 6/ParkJProject230Assign06-01/Pr8-8.cpp
I[13:36:45.266] ASTWorker building file /home/mution/School/Fall 2025 Semester/CSCI 230/Projects/Assignment 6/ParkJProject230Assign06-01/Pr8-8.cpp version 1 with command clangd fallback
[/home/mution/School/Fall 2025 Semester/CSCI 230/Projects/Assignment 6/ParkJProject230Assign06-01]
/usr/bin/clang -resource-dir=/home/mution/.vscode-oss/extensions/kylinideteam.kylin-clangd-0.4.0-linux-x64/res/clangd/lib/clang/21 -- "/home/mution/School/Fall 2025 Semester/CSCI 230/Projects/Assignment 6/ParkJProject230Assign06-01/Pr8-8.cpp"
I[13:36:45.267] --> textDocument/clangd.fileStatus
I[13:36:45.275] <-- textDocument/codeAction(28)
I[13:36:45.276] <-- textDocument/documentSymbol(29)
I[13:36:45.295] <-- textDocument/semanticTokens/full(30)
I[13:36:45.297] <-- textDocument/inlayHint(31)
I[13:36:45.298] <-- textDocument/documentLink(32)
I[13:36:45.362] <-- $/cancelRequest
I[13:36:45.363] <-- textDocument/inlayHint(33)
I[13:36:45.469] <-- textDocument/foldingRange(34)
I[13:36:45.469] --> reply:textDocument/foldingRange(34) 0 ms
I[13:36:45.570] <-- textDocument/documentSymbol(35)
I[13:36:45.582] Built preamble of size 3968916 for file /home/mution/School/Fall 2025 Semester/CSCI 230/Projects/Assignment 6/ParkJProject230Assign06-01/Pr8-8.cpp version 1 in 0.32 seconds
I[13:36:45.582] --> workspace/semanticTokens/refresh(2)
I[13:36:45.582] --> textDocument/clangd.fileStatus
I[13:36:45.583] <-- reply(2)
I[13:36:45.589] --> textDocument/publishDiagnostics
I[13:36:45.589] --> textDocument/inactiveRegions
I[13:36:45.589] --> reply:textDocument/codeAction(28) 313 ms
I[13:36:45.589] --> reply:textDocument/documentSymbol(29) 313 ms
I[13:36:45.589] --> reply:textDocument/semanticTokens/full(30) 294 ms
I[13:36:45.589] --> reply:textDocument/inlayHint(31) 292 ms, error: Task was cancelled.
I[13:36:45.589] --> reply:textDocument/documentLink(32) 291 ms
I[13:36:45.589] --> reply:textDocument/inlayHint(33) 226 ms
I[13:36:45.590] --> reply:textDocument/documentSymbol(35) 19 ms
I[13:36:45.590] --> textDocument/clangd.fileStatus
[Error - 1:36:45 PM] Request textDocument/inlayHint failed.
[object Object]
I[13:36:45.783] <-- textDocument/hover(36)
I[13:36:45.783] --> reply:textDocument/hover(36) 0 ms
I[13:36:45.783] --> textDocument/clangd.fileStatus
I[13:36:45.853] <-- textDocument/codeAction(37)
I[13:36:45.854] --> reply:textDocument/codeAction(37) 0 ms
I[13:36:45.854] --> textDocument/clangd.fileStatus
I[13:36:45.917] <-- textDocument/semanticTokens/full/delta(38)
I[13:36:45.917] --> reply:textDocument/semanticTokens/full/delta(38) 0 ms
I[13:36:45.917] --> textDocument/clangd.fileStatus
I[13:36:46.521] <-- textDocument/inlayHint(39)
I[13:36:46.522] --> reply:textDocument/inlayHint(39) 0 ms
I[13:36:46.522] --> textDocument/clangd.fileStatus
I[13:36:46.866] <-- textDocument/inlayHint(40)
I[13:36:46.866] --> reply:textDocument/inlayHint(40) 0 ms
I[13:36:46.867] --> textDocument/clangd.fileStatus
I[13:36:47.779] <-- textDocument/didClose
I[13:36:47.779] --> textDocument/publishDiagnostics
I[13:36:47.793] <-- textDocument/didOpen
I[13:36:47.793] Failed to find compilation database for /home/mution/School/Fall 2025 Semester/CSCI 230/Projects/Assignment 6/ParkJProject230Assign06-01/ParkJSource230Assign06-01.cpp
I[13:36:47.793] ASTWorker building file /home/mution/School/Fall 2025 Semester/CSCI 230/Projects/Assignment 6/ParkJProject230Assign06-01/ParkJSource230Assign06-01.cpp version 1 with command clangd fallback
[/home/mution/School/Fall 2025 Semester/CSCI 230/Projects/Assignment 6/ParkJProject230Assign06-01]
/usr/bin/clang -resource-dir=/home/mution/.vscode-oss/extensions/kylinideteam.kylin-clangd-0.4.0-linux-x64/res/clangd/lib/clang/21 -- "/home/mution/School/Fall 2025 Semester/CSCI 230/Projects/Assignment 6/ParkJProject230Assign06-01/ParkJSource230Assign06-01.cpp"
I[13:36:47.794] --> textDocument/clangd.fileStatus
I[13:36:47.803] <-- textDocument/codeAction(41)
I[13:36:47.803] <-- textDocument/documentSymbol(42)
I[13:36:47.829] <-- textDocument/semanticTokens/full(43)
I[13:36:47.831] <-- textDocument/inlayHint(44)
I[13:36:47.832] <-- textDocument/documentLink(45)
I[13:36:47.906] <-- $/cancelRequest
I[13:36:47.906] <-- textDocument/inlayHint(46)
I[13:36:47.996] <-- textDocument/foldingRange(47)
I[13:36:47.996] --> reply:textDocument/foldingRange(47) 0 ms
I[13:36:48.098] <-- textDocument/documentSymbol(48)
I[13:36:48.122] Built preamble of size 3969024 for file /home/mution/School/Fall 2025 Semester/CSCI 230/Projects/Assignment 6/ParkJProject230Assign06-01/ParkJSource230Assign06-01.cpp version 1 in 0.33 seconds
I[13:36:48.122] --> workspace/semanticTokens/refresh(3)
I[13:36:48.122] --> textDocument/clangd.fileStatus
I[13:36:48.123] <-- reply(3)
I[13:36:48.137] --> textDocument/publishDiagnostics
I[13:36:48.137] --> textDocument/inactiveRegions
I[13:36:48.138] --> reply:textDocument/codeAction(41) 335 ms
I[13:36:48.138] --> reply:textDocument/documentSymbol(42) 335 ms
I[13:36:48.138] --> reply:textDocument/semanticTokens/full(43) 309 ms
I[13:36:48.138] --> reply:textDocument/inlayHint(44) 306 ms, error: Task was cancelled.
I[13:36:48.138] --> reply:textDocument/documentLink(45) 305 ms
I[13:36:48.138] --> reply:textDocument/inlayHint(46) 232 ms
I[13:36:48.139] --> reply:textDocument/documentSymbol(48) 40 ms
I[13:36:48.139] --> textDocument/clangd.fileStatus
[Error - 1:36:48 PM] Request textDocument/inlayHint failed.
[object Object]
I[13:36:48.236] <-- textDocument/hover(49)
I[13:36:48.237] --> reply:textDocument/hover(49) 0 ms
I[13:36:48.237] --> textDocument/clangd.fileStatus
I[13:36:48.476] <-- textDocument/semanticTokens/full/delta(50)
I[13:36:48.477] --> reply:textDocument/semanticTokens/full/delta(50) 0 ms
I[13:36:48.477] --> textDocument/clangd.fileStatus
I[13:36:48.940] <-- textDocument/inlayHint(51)
I[13:36:48.941] --> reply:textDocument/inlayHint(51) 0 ms
I[13:36:48.941] --> textDocument/clangd.fileStatus
I[13:36:49.424] <-- textDocument/inlayHint(52)
I[13:36:49.425] --> reply:textDocument/inlayHint(52) 0 ms
I[13:36:49.425] --> textDocument/clangd.fileStatus
I[13:36:50.166] <-- textDocument/inlayHint(53)
I[13:36:50.167] --> reply:textDocument/inlayHint(53) 0 ms
I[13:36:50.167] --> textDocument/clangd.fileStatus
I[13:36:51.012] <-- textDocument/inlayHint(54)
I[13:36:51.013] --> reply:textDocument/inlayHint(54) 1 ms
I[13:36:51.013] --> textDocument/clangd.fileStatus
I[13:36:51.364] <-- textDocument/inlayHint(55)
I[13:36:51.365] --> reply:textDocument/inlayHint(55) 0 ms
I[13:36:51.365] --> textDocument/clangd.fileStatus
