2025-10-06 00:23:21.193 [info] read schema from vscode: vscode://schemas/settings/user
2025-10-06 00:23:21.487 [info] read schema from vscode: vscode://schemas/settings/resourceLanguage
2025-10-06 00:23:21.509 [info] read schema from vscode: vscode://schemas/launch
2025-10-06 00:23:21.517 [info] read schema from vscode: vscode://schemas/token-styling
2025-10-06 00:23:21.518 [info] read schema from vscode: vscode://schemas/textmate-colors
2025-10-06 00:23:21.519 [info] read schema from vscode: vscode://schemas/workbench-colors
2025-10-06 00:23:21.951 [info] cancelled
2025-10-06 00:23:21.956 [info] cancelled
2025-10-06 00:23:22.311 [info] schema change detected vscode://schemas/settings/user
2025-10-06 00:23:22.318 [info] read schema from vscode: vscode://schemas/settings/user
2025-10-06 00:24:15.834 [info] schema change detected vscode://schemas/settings/user
2025-10-06 00:24:34.641 [info] schema change detected vscode://schemas/launch
2025-10-06 00:25:04.656 [info] read schema from vscode: vscode://schemas/settings/user
2025-10-06 00:25:05.068 [info] read schema from vscode: vscode://schemas/launch
2025-10-06 00:25:05.279 [info] cancelled
2025-10-06 00:25:05.920 [info] schema change detected vscode://schemas/settings/user
2025-10-06 00:25:05.928 [info] read schema from vscode: vscode://schemas/settings/user
2025-10-06 00:25:15.999 [info] schema change detected vscode://schemas/settings/user
2025-10-06 00:27:04.219 [info] read schema from vscode: vscode://schemas/settings/user
2025-10-06 00:27:05.385 [info] schema change detected vscode://schemas/settings/user
2025-10-06 00:27:05.390 [info] read schema from vscode: vscode://schemas/settings/user
2025-10-06 00:27:48.446 [info] schema change detected vscode://schemas/settings/user
2025-10-06 00:27:48.451 [info] read schema from vscode: vscode://schemas/settings/user
2025-10-06 00:27:58.043 [info] schema change detected vscode://schemas/settings/user
2025-10-06 00:27:58.049 [info] read schema from vscode: vscode://schemas/settings/user
2025-10-06 00:27:58.729 [info] cancelled
2025-10-06 00:27:59.397 [info] schema change detected vscode://schemas/settings/user
2025-10-06 00:30:08.854 [info] read schema from vscode: vscode://schemas/settings/user
2025-10-06 00:30:09.600 [info] cancelled
2025-10-06 00:30:10.151 [info] schema change detected vscode://schemas/settings/user
2025-10-06 00:30:10.166 [info] read schema from vscode: vscode://schemas/settings/user
2025-10-06 00:31:04.337 [info] schema change detected vscode://schemas/settings/user
