2025-10-08 00:27:14.463 [info] [main] Log level: Info
2025-10-08 00:27:14.463 [info] [main] Validating found git in: "git"
2025-10-08 00:27:14.463 [info] [main] Using git "2.51.0" from "git"
2025-10-08 00:27:14.463 [info] [Model][doInitialScan] Initial repository scan started
2025-10-08 00:27:14.463 [info] > git rev-parse --show-toplevel [21ms]
2025-10-08 00:27:14.463 [info] fatal: not a git repository (or any of the parent directories): .git
2025-10-08 00:27:14.463 [info] > git rev-parse --show-toplevel [4ms]
2025-10-08 00:27:14.463 [info] fatal: not a git repository (or any of the parent directories): .git
2025-10-08 00:27:14.463 [info] [Model][doInitialScan] Initial repository scan completed - repositories (0), closed repositories (0), parent repositories (0), unsafe repositories (0)
2025-10-08 00:27:14.621 [info] > git rev-parse --show-toplevel [121ms]
2025-10-08 00:27:14.621 [info] fatal: not a git repository (or any of the parent directories): .git
2025-10-08 00:27:16.069 [info] > git rev-parse --show-toplevel [2ms]
2025-10-08 00:27:16.069 [info] fatal: not a git repository (or any of the parent directories): .git
2025-10-08 00:27:16.230 [info] > git rev-parse --show-toplevel [2ms]
2025-10-08 00:27:16.230 [info] fatal: not a git repository (or any of the parent directories): .git
2025-10-08 00:27:27.380 [info] [main] Log level: Info
2025-10-08 00:27:27.380 [info] [main] Validating found git in: "git"
2025-10-08 00:27:27.380 [info] [main] Using git "2.51.0" from "git"
2025-10-08 00:27:27.380 [info] [Model][doInitialScan] Initial repository scan started
2025-10-08 00:27:27.380 [info] > git rev-parse --show-toplevel [4ms]
2025-10-08 00:27:27.380 [info] fatal: not a git repository (or any of the parent directories): .git
2025-10-08 00:27:27.380 [info] > git rev-parse --show-toplevel [3ms]
2025-10-08 00:27:27.380 [info] fatal: not a git repository (or any of the parent directories): .git
2025-10-08 00:27:27.380 [info] [Model][doInitialScan] Initial repository scan completed - repositories (0), closed repositories (0), parent repositories (0), unsafe repositories (0)
2025-10-08 00:27:27.508 [info] > git rev-parse --show-toplevel [4ms]
2025-10-08 00:27:27.508 [info] fatal: not a git repository (or any of the parent directories): .git
2025-10-08 00:27:27.529 [info] > git rev-parse --show-toplevel [3ms]
2025-10-08 00:27:27.529 [info] fatal: not a git repository (or any of the parent directories): .git
2025-10-08 00:27:28.079 [info] > git rev-parse --show-toplevel [6ms]
2025-10-08 00:27:28.079 [info] fatal: not a git repository (or any of the parent directories): .git
2025-10-08 00:29:41.350 [info] > git rev-parse --show-toplevel [5ms]
2025-10-08 00:29:41.350 [info] fatal: not a git repository (or any of the parent directories): .git
