I[00:27:15.349] clangd version 21.0.0git (https://github.com/llvm/llvm-project c6cec7bd9cef993b377903b88375e00badcbf11b)
I[00:27:15.350] Features: linux
I[00:27:15.350] PID: 4022
I[00:27:15.350] Working directory: /home/mution/Downloads
I[00:27:15.350] argv[0]: /home/mution/.vscode-oss/extensions/kylinideteam.kylin-clangd-0.4.0-linux-x64/res/clangd/bin/clangd
I[00:27:15.350] argv[1]: --clang-tidy=1
I[00:27:15.351] Starting LSP over stdin/stdout
I[00:27:15.360] <-- initialize(0)
I[00:27:15.368] --> reply:initialize(0) 8 ms
I[00:27:15.382] <-- initialized
I[00:27:15.396] <-- textDocument/didOpen
I[00:27:15.400] --> textDocument/publishDiagnostics
I[00:27:15.400] Failed to find compilation database for /home/mution/Downloads/ParkJSource230Assign06-5.cpp
I[00:27:15.400] ASTWorker building file /home/mution/Downloads/ParkJSource230Assign06-5.cpp version 1 with command clangd fallback
[/home/mution/Downloads]
/usr/bin/clang -resource-dir=/home/mution/.vscode-oss/extensions/kylinideteam.kylin-clangd-0.4.0-linux-x64/res/clangd/lib/clang/21 -- /home/mution/Downloads/ParkJSource230Assign06-5.cpp
I[00:27:15.412] --> textDocument/clangd.fileStatus
I[00:27:16.060] <-- $/setTrace
I[00:27:16.060] unhandled notification $/setTrace
I[00:27:16.229] <-- $/setTrace
I[00:27:16.229] unhandled notification $/setTrace
I[00:27:16.383] Built preamble of size 4160484 for file /home/mution/Downloads/ParkJSource230Assign06-5.cpp version 1 in 0.97 seconds
I[00:27:16.384] --> workspace/semanticTokens/refresh(0)
I[00:27:16.384] Indexing c++17 standard library in the context of /home/mution/Downloads/ParkJSource230Assign06-5.cpp
I[00:27:16.386] <-- reply(0)
I[00:27:16.453] --> textDocument/publishDiagnostics
I[00:27:16.453] --> textDocument/inactiveRegions
I[00:27:16.453] --> textDocument/clangd.fileStatus
I[00:27:19.899] Indexed c++17 standard library (incomplete due to errors): 14392 symbols, 11464 filtered
