2025-10-06 00:31:15.979 [info] [main] Log level: Info
2025-10-06 00:31:15.979 [info] [main] Validating found git in: "git"
2025-10-06 00:31:15.979 [info] [main] Using git "2.51.0" from "git"
2025-10-06 00:31:15.979 [info] [Model][doInitialScan] Initial repository scan started
2025-10-06 00:31:15.979 [info] > git rev-parse --show-toplevel [21ms]
2025-10-06 00:31:15.979 [info] fatal: not a git repository (or any of the parent directories): .git
2025-10-06 00:31:15.979 [info] > git rev-parse --show-toplevel [7ms]
2025-10-06 00:31:15.979 [info] fatal: not a git repository (or any of the parent directories): .git
2025-10-06 00:31:15.979 [info] > git rev-parse --show-toplevel [11ms]
2025-10-06 00:31:15.979 [info] fatal: not a git repository (or any of the parent directories): .git
2025-10-06 00:31:15.979 [info] [Model][doInitialScan] Initial repository scan completed - repositories (0), closed repositories (0), parent repositories (0), unsafe repositories (0)
2025-10-06 00:31:16.079 [info] > git rev-parse --show-toplevel [92ms]
2025-10-06 00:31:16.079 [info] fatal: not a git repository (or any of the parent directories): .git
2025-10-06 00:31:16.859 [info] > git rev-parse --show-toplevel [11ms]
2025-10-06 00:31:16.859 [info] fatal: not a git repository (or any of the parent directories): .git
2025-10-06 00:31:17.092 [info] > git rev-parse --show-toplevel [1ms]
2025-10-06 00:31:17.092 [info] fatal: not a git repository (or any of the parent directories): .git
2025-10-06 00:31:18.077 [info] > git rev-parse --show-toplevel [3ms]
2025-10-06 00:31:18.077 [info] fatal: not a git repository (or any of the parent directories): .git
2025-10-06 00:31:18.302 [info] > git rev-parse --show-toplevel [2ms]
2025-10-06 00:31:18.302 [info] fatal: not a git repository (or any of the parent directories): .git
2025-10-06 00:32:30.742 [info] > git rev-parse --show-toplevel [3ms]
2025-10-06 00:32:30.742 [info] fatal: not a git repository (or any of the parent directories): .git
