2025-07-03 21:09:47.263 [info] ComputeTargetPlatform: linux-x64
2025-07-03 21:10:05.225 [info] ComputeTargetPlatform: linux-x64
2025-07-03 21:10:10.981 [info] Getting Manifest... ms-python.python
2025-07-03 21:10:12.493 [info] Installing extension: ms-python.python {"isMachineScoped":false,"installPreReleaseVersion":false,"pinned":false,"profileLocation":{"$mid":1,"external":"vscode-userdata:/home/mution/.vscode-oss/extensions/extensions.json","path":"/home/mution/.vscode-oss/extensions/extensions.json","scheme":"vscode-userdata"},"isApplicationScoped":false,"productVersion":{"version":"1.101.2","date":"2025-06-25T19:40:00.687Z"}}
2025-07-03 21:10:12.711 [info] Getting Manifest... ms-python.debugpy
2025-07-03 21:10:13.108 [info] Installing extension: ms-python.debugpy {"isMachineScoped":false,"installPreReleaseVersion":false,"pinned":false,"profileLocation":{"$mid":1,"external":"vscode-userdata:/home/mution/.vscode-oss/extensions/extensions.json","path":"/home/mution/.vscode-oss/extensions/extensions.json","scheme":"vscode-userdata"},"isApplicationScoped":false,"productVersion":{"version":"1.101.2","date":"2025-06-25T19:40:00.687Z"},"installGivenVersion":false,"context":{"dependecyOrPackExtensionInstall":true}}
2025-07-03 21:10:17.508 [info] Extension signature verification result for ms-python.python: Success. Executed: true. Duration: 875ms.
2025-07-03 21:10:17.743 [info] Extension signature verification result for ms-python.debugpy: Success. Executed: true. Duration: 588ms.
2025-07-03 21:10:18.830 [info] Extracted extension to file:///home/mution/.vscode-oss/extensions/ms-python.debugpy-2025.6.0-linux-x64: ms-python.debugpy
2025-07-03 21:10:18.868 [info] Renamed to /home/mution/.vscode-oss/extensions/ms-python.debugpy-2025.6.0-linux-x64
2025-07-03 21:10:20.118 [info] Extracted extension to file:///home/mution/.vscode-oss/extensions/ms-python.python-2025.4.0-universal: ms-python.python
2025-07-03 21:10:20.261 [info] Renamed to /home/mution/.vscode-oss/extensions/ms-python.python-2025.4.0-universal
2025-07-03 21:10:20.287 [info] Extension installed successfully: ms-python.debugpy vscode-userdata:/home/mution/.vscode-oss/extensions/extensions.json
2025-07-03 21:10:20.287 [info] Extension installed successfully: ms-python.python vscode-userdata:/home/mution/.vscode-oss/extensions/extensions.json
2025-07-03 21:10:30.905 [info] Getting Manifest... formulahendry.code-runner
2025-07-03 21:10:31.154 [info] Installing extension: formulahendry.code-runner {"isMachineScoped":false,"installPreReleaseVersion":false,"pinned":false,"profileLocation":{"$mid":1,"external":"vscode-userdata:/home/mution/.vscode-oss/extensions/extensions.json","path":"/home/mution/.vscode-oss/extensions/extensions.json","scheme":"vscode-userdata"},"isApplicationScoped":false,"productVersion":{"version":"1.101.2","date":"2025-06-25T19:40:00.687Z"}}
2025-07-03 21:10:32.598 [info] Extension signature verification result for formulahendry.code-runner: Success. Executed: true. Duration: 511ms.
2025-07-03 21:10:32.718 [info] Extracted extension to file:///home/mution/.vscode-oss/extensions/formulahendry.code-runner-0.12.2-universal: formulahendry.code-runner
2025-07-03 21:10:32.738 [info] Renamed to /home/mution/.vscode-oss/extensions/formulahendry.code-runner-0.12.2-universal
2025-07-03 21:10:32.755 [info] Extension installed successfully: formulahendry.code-runner vscode-userdata:/home/mution/.vscode-oss/extensions/extensions.json
