2025-10-06 00:20:34.331 [info] [main] Log level: Info
2025-10-06 00:20:34.331 [info] [main] Validating found git in: "git"
2025-10-06 00:20:34.331 [info] [main] Using git "2.51.0" from "git"
2025-10-06 00:20:34.331 [info] [Model][doInitialScan] Initial repository scan started
2025-10-06 00:20:34.331 [info] > git rev-parse --show-toplevel [8ms]
2025-10-06 00:20:34.331 [info] fatal: not a git repository (or any of the parent directories): .git
2025-10-06 00:20:34.331 [info] > git rev-parse --show-toplevel [4ms]
2025-10-06 00:20:34.331 [info] fatal: not a git repository (or any of the parent directories): .git
2025-10-06 00:20:34.332 [info] > git rev-parse --show-toplevel [9ms]
2025-10-06 00:20:34.332 [info] fatal: not a git repository (or any of the parent directories): .git
2025-10-06 00:20:34.332 [info] [Model][doInitialScan] Initial repository scan completed - repositories (0), closed repositories (0), parent repositories (0), unsafe repositories (0)
2025-10-06 00:20:34.332 [info] > git rev-parse --show-toplevel [2ms]
2025-10-06 00:20:34.332 [info] fatal: not a git repository (or any of the parent directories): .git
2025-10-06 00:20:34.855 [info] > git rev-parse --show-toplevel [2ms]
2025-10-06 00:20:34.855 [info] fatal: not a git repository (or any of the parent directories): .git
2025-10-06 00:20:59.204 [info] > git rev-parse --show-toplevel [5ms]
2025-10-06 00:20:59.204 [info] fatal: not a git repository (or any of the parent directories): .git
2025-10-06 00:21:51.912 [info] > git rev-parse --show-toplevel [2ms]
2025-10-06 00:21:51.912 [info] fatal: not a git repository (or any of the parent directories): .git
2025-10-06 00:21:53.076 [info] > git rev-parse --show-toplevel [1ms]
2025-10-06 00:21:53.076 [info] fatal: not a git repository (or any of the parent directories): .git
2025-10-06 00:21:53.552 [info] > git rev-parse --show-toplevel [3ms]
2025-10-06 00:21:53.552 [info] fatal: not a git repository (or any of the parent directories): .git
2025-10-06 00:23:09.313 [info] > git rev-parse --show-toplevel [5ms]
2025-10-06 00:23:09.313 [info] fatal: not a git repository (or any of the parent directories): .git
2025-10-06 00:23:21.933 [info] > git rev-parse --show-toplevel [2ms]
2025-10-06 00:23:21.933 [info] fatal: not a git repository (or any of the parent directories): .git
2025-10-06 00:24:11.487 [info] > git rev-parse --show-toplevel [7ms]
2025-10-06 00:24:11.487 [info] fatal: not a git repository (or any of the parent directories): .git
2025-10-06 00:24:18.360 [info] > git rev-parse --show-toplevel [3ms]
2025-10-06 00:24:18.360 [info] fatal: not a git repository (or any of the parent directories): .git
2025-10-06 00:25:10.894 [info] > git rev-parse --show-toplevel [11ms]
2025-10-06 00:25:10.894 [info] fatal: not a git repository (or any of the parent directories): .git
2025-10-06 00:27:54.853 [info] > git rev-parse --show-toplevel [6ms]
2025-10-06 00:27:54.853 [info] fatal: not a git repository (or any of the parent directories): .git
2025-10-06 00:27:58.461 [info] > git rev-parse --show-toplevel [6ms]
2025-10-06 00:27:58.461 [info] fatal: not a git repository (or any of the parent directories): .git
2025-10-06 00:28:33.660 [info] > git rev-parse --show-toplevel [5ms]
2025-10-06 00:28:33.661 [info] fatal: not a git repository (or any of the parent directories): .git
2025-10-06 00:28:40.173 [info] > git rev-parse --show-toplevel [7ms]
2025-10-06 00:28:40.173 [info] fatal: not a git repository (or any of the parent directories): .git
2025-10-06 00:28:43.523 [info] > git rev-parse --show-toplevel [5ms]
2025-10-06 00:28:43.523 [info] fatal: not a git repository (or any of the parent directories): .git
2025-10-06 00:30:55.439 [info] > git rev-parse --show-toplevel [5ms]
2025-10-06 00:30:55.439 [info] fatal: not a git repository (or any of the parent directories): .git
2025-10-06 00:31:04.131 [info] > git rev-parse --show-toplevel [5ms]
2025-10-06 00:31:04.131 [info] fatal: not a git repository (or any of the parent directories): .git
