2025-10-06 00:14:41.923 [info] [main] Log level: Info
2025-10-06 00:14:41.923 [info] [main] Validating found git in: "git"
2025-10-06 00:14:41.923 [info] [main] Using git "2.51.0" from "git"
2025-10-06 00:14:41.923 [info] [Model][doInitialScan] Initial repository scan started
2025-10-06 00:14:41.923 [info] > git rev-parse --show-toplevel [47ms]
2025-10-06 00:14:41.923 [info] fatal: not a git repository (or any of the parent directories): .git
2025-10-06 00:14:41.923 [info] > git rev-parse --show-toplevel [25ms]
2025-10-06 00:14:41.923 [info] fatal: not a git repository (or any of the parent directories): .git
2025-10-06 00:14:41.923 [info] > git rev-parse --show-toplevel [4ms]
2025-10-06 00:14:41.923 [info] fatal: not a git repository (or any of the parent directories): .git
2025-10-06 00:14:41.923 [info] [Model][doInitialScan] Initial repository scan completed - repositories (0), closed repositories (0), parent repositories (0), unsafe repositories (0)
2025-10-06 00:14:41.923 [info] > git rev-parse --show-toplevel [21ms]
2025-10-06 00:14:41.923 [info] fatal: not a git repository (or any of the parent directories): .git
2025-10-06 00:14:42.309 [info] > git rev-parse --show-toplevel [5ms]
2025-10-06 00:14:42.309 [info] fatal: not a git repository (or any of the parent directories): .git
2025-10-06 00:14:42.326 [info] > git rev-parse --show-toplevel [6ms]
2025-10-06 00:14:42.326 [info] fatal: not a git repository (or any of the parent directories): .git
2025-10-06 00:14:42.728 [info] > git rev-parse --show-toplevel [25ms]
2025-10-06 00:14:42.728 [info] fatal: not a git repository (or any of the parent directories): .git
2025-10-06 00:14:43.242 [info] > git rev-parse --show-toplevel [4ms]
2025-10-06 00:14:43.242 [info] fatal: not a git repository (or any of the parent directories): .git
2025-10-06 00:19:26.473 [info] > git rev-parse --show-toplevel [6ms]
2025-10-06 00:19:26.473 [info] fatal: not a git repository (or any of the parent directories): .git
2025-10-06 00:20:16.128 [info] > git rev-parse --show-toplevel [4ms]
2025-10-06 00:20:16.128 [info] fatal: not a git repository (or any of the parent directories): .git
