I[13:36:18.214] clangd version 21.0.0git (https://github.com/llvm/llvm-project c6cec7bd9cef993b377903b88375e00badcbf11b)
I[13:36:18.214] Features: linux
I[13:36:18.214] PID: 9352
I[13:36:18.214] Working directory: /home/mution/School/Fall 2025 Semester/CSCI 230/Projects/Assignment 5/ParkJProject230Assign05
I[13:36:18.214] argv[0]: /home/mution/.vscode-oss/extensions/kylinideteam.kylin-clangd-0.4.0-linux-x64/res/clangd/bin/clangd
I[13:36:18.214] argv[1]: --clang-tidy=1
I[13:36:18.214] Starting LSP over stdin/stdout
I[13:36:18.219] <-- initialize(0)
I[13:36:18.220] --> reply:initialize(0) 0 ms
I[13:36:18.223] <-- initialized
I[13:36:18.235] <-- textDocument/didOpen
I[13:36:18.236] --> textDocument/publishDiagnostics
I[13:36:18.236] Failed to find compilation database for /home/mution/School/Fall 2025 Semester/CSCI 230/Projects/Assignment 5/ParkJProject230Assign05/ParkJSource230Assign05.cpp
I[13:36:18.236] ASTWorker building file /home/mution/School/Fall 2025 Semester/CSCI 230/Projects/Assignment 5/ParkJProject230Assign05/ParkJSource230Assign05.cpp version 1 with command clangd fallback
[/home/mution/School/Fall 2025 Semester/CSCI 230/Projects/Assignment 5/ParkJProject230Assign05]
/usr/bin/clang -resource-dir=/home/mution/.vscode-oss/extensions/kylinideteam.kylin-clangd-0.4.0-linux-x64/res/clangd/lib/clang/21 -- "/home/mution/School/Fall 2025 Semester/CSCI 230/Projects/Assignment 5/ParkJProject230Assign05/ParkJSource230Assign05.cpp"
I[13:36:18.237] --> textDocument/clangd.fileStatus
I[13:36:18.240] <-- textDocument/documentSymbol(1)
I[13:36:18.240] <-- textDocument/codeAction(2)
I[13:36:18.240] <-- textDocument/documentLink(3)
I[13:36:18.240] <-- textDocument/inlayHint(4)
I[13:36:18.433] <-- textDocument/foldingRange(5)
I[13:36:18.434] --> reply:textDocument/foldingRange(5) 0 ms
I[13:36:18.529] <-- textDocument/documentSymbol(6)
I[13:36:18.532] Built preamble of size 3969116 for file /home/mution/School/Fall 2025 Semester/CSCI 230/Projects/Assignment 5/ParkJProject230Assign05/ParkJSource230Assign05.cpp version 1 in 0.29 seconds
I[13:36:18.532] --> workspace/semanticTokens/refresh(0)
I[13:36:18.532] Indexing c++17 standard library in the context of /home/mution/School/Fall 2025 Semester/CSCI 230/Projects/Assignment 5/ParkJProject230Assign05/ParkJSource230Assign05.cpp
I[13:36:18.532] --> textDocument/clangd.fileStatus
I[13:36:18.534] <-- reply(0)
I[13:36:18.535] <-- textDocument/semanticTokens/full(7)
I[13:36:18.553] --> textDocument/publishDiagnostics
I[13:36:18.553] --> textDocument/inactiveRegions
I[13:36:18.553] --> reply:textDocument/documentSymbol(1) 313 ms
I[13:36:18.554] --> reply:textDocument/codeAction(2) 313 ms
I[13:36:18.554] --> reply:textDocument/documentLink(3) 313 ms
I[13:36:18.554] --> reply:textDocument/inlayHint(4) 313 ms
I[13:36:18.554] --> reply:textDocument/documentSymbol(6) 25 ms
I[13:36:18.554] --> reply:textDocument/semanticTokens/full(7) 19 ms
I[13:36:18.554] --> textDocument/clangd.fileStatus
I[13:36:19.709] <-- textDocument/inlayHint(8)
I[13:36:19.709] --> reply:textDocument/inlayHint(8) 0 ms
I[13:36:19.710] --> textDocument/clangd.fileStatus
I[13:36:20.476] <-- textDocument/inlayHint(9)
I[13:36:20.476] --> reply:textDocument/inlayHint(9) 0 ms
I[13:36:20.476] --> textDocument/clangd.fileStatus
I[13:36:20.876] Indexed c++17 standard library (incomplete due to errors): 14392 symbols, 11464 filtered
I[13:36:21.412] <-- textDocument/inlayHint(10)
I[13:36:21.413] --> reply:textDocument/inlayHint(10) 0 ms
I[13:36:21.413] --> textDocument/clangd.fileStatus
I[13:36:22.218] <-- textDocument/inlayHint(11)
I[13:36:22.218] --> reply:textDocument/inlayHint(11) 0 ms
I[13:36:22.218] --> textDocument/clangd.fileStatus
I[13:36:23.615] <-- textDocument/didClose
I[13:36:23.615] --> textDocument/publishDiagnostics
I[13:36:23.628] <-- textDocument/didOpen
I[13:36:23.628] Failed to find compilation database for /home/mution/School/Fall 2025 Semester/CSCI 230/Projects/Assignment 5/ParkJProject230Assign05/Pr8-2.cpp
I[13:36:23.628] ASTWorker building file /home/mution/School/Fall 2025 Semester/CSCI 230/Projects/Assignment 5/ParkJProject230Assign05/Pr8-2.cpp version 1 with command clangd fallback
[/home/mution/School/Fall 2025 Semester/CSCI 230/Projects/Assignment 5/ParkJProject230Assign05]
/usr/bin/clang -resource-dir=/home/mution/.vscode-oss/extensions/kylinideteam.kylin-clangd-0.4.0-linux-x64/res/clangd/lib/clang/21 -- "/home/mution/School/Fall 2025 Semester/CSCI 230/Projects/Assignment 5/ParkJProject230Assign05/Pr8-2.cpp"
I[13:36:23.629] --> textDocument/clangd.fileStatus
I[13:36:23.642] <-- textDocument/codeAction(12)
I[13:36:23.642] <-- textDocument/documentSymbol(13)
I[13:36:23.664] <-- textDocument/semanticTokens/full(14)
I[13:36:23.669] <-- textDocument/inlayHint(15)
I[13:36:23.670] <-- textDocument/documentLink(16)
I[13:36:23.743] <-- $/cancelRequest
I[13:36:23.744] <-- textDocument/inlayHint(17)
I[13:36:23.832] <-- textDocument/foldingRange(18)
I[13:36:23.832] --> reply:textDocument/foldingRange(18) 0 ms
I[13:36:23.935] <-- textDocument/documentSymbol(19)
I[13:36:23.963] Built preamble of size 3969016 for file /home/mution/School/Fall 2025 Semester/CSCI 230/Projects/Assignment 5/ParkJProject230Assign05/Pr8-2.cpp version 1 in 0.33 seconds
I[13:36:23.963] --> workspace/semanticTokens/refresh(1)
I[13:36:23.963] --> textDocument/clangd.fileStatus
I[13:36:23.964] <-- reply(1)
I[13:36:23.976] --> textDocument/publishDiagnostics
I[13:36:23.976] --> textDocument/inactiveRegions
I[13:36:23.976] --> reply:textDocument/codeAction(12) 333 ms
I[13:36:23.976] --> reply:textDocument/documentSymbol(13) 333 ms
I[13:36:23.976] --> reply:textDocument/semanticTokens/full(14) 312 ms
I[13:36:23.976] --> reply:textDocument/inlayHint(15) 306 ms, error: Task was cancelled.
I[13:36:23.976] --> reply:textDocument/documentLink(16) 306 ms
I[13:36:23.976] --> reply:textDocument/inlayHint(17) 232 ms
I[13:36:23.977] --> reply:textDocument/documentSymbol(19) 41 ms
I[13:36:23.977] --> textDocument/clangd.fileStatus
[Error - 1:36:23 PM] Request textDocument/inlayHint failed.
[object Object]
I[13:36:24.053] <-- textDocument/hover(20)
I[13:36:24.053] --> reply:textDocument/hover(20) 0 ms
I[13:36:24.053] --> textDocument/clangd.fileStatus
I[13:36:24.298] <-- textDocument/semanticTokens/full/delta(21)
I[13:36:24.299] --> reply:textDocument/semanticTokens/full/delta(21) 0 ms
I[13:36:24.299] --> textDocument/clangd.fileStatus
I[13:36:24.754] <-- textDocument/inlayHint(22)
I[13:36:24.755] --> reply:textDocument/inlayHint(22) 0 ms
I[13:36:24.756] --> textDocument/clangd.fileStatus
I[13:36:25.321] <-- textDocument/inlayHint(23)
I[13:36:25.322] --> reply:textDocument/inlayHint(23) 0 ms
I[13:36:25.322] --> textDocument/clangd.fileStatus
I[13:36:25.797] <-- textDocument/inlayHint(24)
I[13:36:25.797] --> reply:textDocument/inlayHint(24) 0 ms
I[13:36:25.798] --> textDocument/clangd.fileStatus
